Using pre-set license
Built from '2020.2/staging' branch; Version is '2020.2.0b10 (19f63eee530c) revision 1701438'; Using compiler version '192528614'; Build Type 'Release'
OS: 'Windows 10  (10.0.0) 64bit' Language: 'en' Physical Memory: 16244 MB
BatchMode: 1, IsHumanControllingUs: 0, StartBugReporterOnCrash: 0, Is64bit: 1, IsPro: 0

 COMMAND LINE ARGUMENTS:
C:\Program Files\Unity\Hub\Editor\2020.2.0b10\Editor\Unity.exe
-adb2
-batchMode
-noUpm
-name
AssetImportWorker0
-projectPath
C:/Users/monog/Documents/Projects/Unity-Google-Maps/Unity Google Maps
-logFile
Logs/AssetImportWorker0.log
-srvPort
57940
Successfully changed project path to: C:/Users/monog/Documents/Projects/Unity-Google-Maps/Unity Google Maps
C:/Users/monog/Documents/Projects/Unity-Google-Maps/Unity Google Maps
Using Asset Import Pipeline V2.
Refreshing native plugins compatible for Editor in 23.66 ms, found 0 plugins.
Preloading 0 native plugins for Editor in 0.00 ms.
Initialize engine version: 2020.2.0b10 (19f63eee530c)
[Subsystems] Discovering subsystems at path C:/Program Files/Unity/Hub/Editor/2020.2.0b10/Editor/Data/Resources/UnitySubsystems
[Subsystems] Discovering subsystems at path C:/Users/monog/Documents/Projects/Unity-Google-Maps/Unity Google Maps/Assets
GfxDevice: creating device client; threaded=0
Direct3D:
    Version:  Direct3D 11.0 [level 11.1]
    Renderer: NVIDIA GeForce RTX 2070 Super with Max-Q Design (ID=0x1e91)
    Vendor:   
    VRAM:     8011 MB
    Driver:   26.21.14.4345
Initialize mono
Mono path[0] = 'C:/Program Files/Unity/Hub/Editor/2020.2.0b10/Editor/Data/Managed'
Mono path[1] = 'C:/Program Files/Unity/Hub/Editor/2020.2.0b10/Editor/Data/MonoBleedingEdge/lib/mono/unityjit'
Mono config path = 'C:/Program Files/Unity/Hub/Editor/2020.2.0b10/Editor/Data/MonoBleedingEdge/etc'
Using monoOptions --debugger-agent=transport=dt_socket,embedding=1,server=y,suspend=n,address=127.0.0.1:56692
Begin MonoManager ReloadAssembly
Registering precompiled unity dll's ...
Register platform support module: C:/Program Files/Unity/Hub/Editor/2020.2.0b10/Editor/Data/PlaybackEngines/WebGLSupport/UnityEditor.WebGL.Extensions.dll
Register platform support module: C:/Program Files/Unity/Hub/Editor/2020.2.0b10/Editor/Data/PlaybackEngines/WindowsStandaloneSupport/UnityEditor.WindowsStandalone.Extensions.dll
Registered in 0.001724 seconds.
Native extension for WindowsStandalone target not found
Native extension for WebGL target not found
Refreshing native plugins compatible for Editor in 27.39 ms, found 0 plugins.
Preloading 0 native plugins for Editor in 0.00 ms.
Invoked RoslynAnalysisRunner static constructor.
RoslynAnalysisRunner will not be running.
RoslynAnalysisRunner has terminated.
Mono: successfully reloaded assembly
- Completed reload, in  1.533 seconds
Platform modules already initialized, skipping
Registering precompiled user dll's ...
Registered in 0.001815 seconds.
Begin MonoManager ReloadAssembly
Symbol file LoadedFromMemory doesn't match image C:\Users\monog\Documents\Projects\Unity-Google-Maps\Unity Google Maps\Library\PackageCache\com.unity.ext.nunit@1.0.0\net35\unity-custom\nunit.framework.dll
Native extension for WindowsStandalone target not found
Native extension for WebGL target not found
Refreshing native plugins compatible for Editor in 0.27 ms, found 0 plugins.
Preloading 0 native plugins for Editor in 0.00 ms.
Invoked RoslynAnalysisRunner static constructor.
RoslynAnalysisRunner will not be running.
RoslynAnalysisRunner has terminated.
Mono: successfully reloaded assembly
- Completed reload, in  0.725 seconds
Platform modules already initialized, skipping
========================================================================
Worker process is ready to serve import requests
Launched and connected shader compiler UnityShaderCompiler.exe after 0.02 seconds
Refreshing native plugins compatible for Editor in 0.59 ms, found 0 plugins.
Preloading 0 native plugins for Editor in 0.00 ms.
Unloading 1204 Unused Serialized files (Serialized files now loaded: 0)
System memory in use before: 68.2 MB.
System memory in use after: 68.2 MB.

Unloading 16 unused Assets to reduce memory usage. Loaded Objects now: 1671.
Total: 3.217600 ms (FindLiveObjects: 0.478300 ms CreateObjectMapping: 0.121700 ms MarkObjects: 2.460700 ms  DeleteObjects: 0.155200 ms)

========================================================================
Received Import Request.
  path: Assets/Scenes
  artifactKey: Guid(f3a1a602cfac95a4291be9dbf9eb8a86) Importer(815301076,1909f56bfc062723c751e8b465ee728b)
Start importing Assets/Scenes using Guid(f3a1a602cfac95a4291be9dbf9eb8a86) Importer(815301076,1909f56bfc062723c751e8b465ee728b)  -> (artifact id: 'b663970057394252420ef770d8805394') in 0.007475 seconds
  Import took 0.009848 seconds .

========================================================================
Received Import Request.
  Time since last request: 0.000225 seconds.
  path: Assets/GoogleMaps
  artifactKey: Guid(168376e3f931c70469a2421373d45c97) Importer(815301076,1909f56bfc062723c751e8b465ee728b)
Start importing Assets/GoogleMaps using Guid(168376e3f931c70469a2421373d45c97) Importer(815301076,1909f56bfc062723c751e8b465ee728b)  -> (artifact id: 'a5dd4916bc30e34cdf541b32887b9162') in 0.004953 seconds
  Import took 0.007368 seconds .

========================================================================
Received Import Request.
  Time since last request: 1.421876 seconds.
  path: Assets/GoogleMaps/Editor
  artifactKey: Guid(15267ec646cee744eb0cf8b1d0c356e9) Importer(815301076,1909f56bfc062723c751e8b465ee728b)
Start importing Assets/GoogleMaps/Editor using Guid(15267ec646cee744eb0cf8b1d0c356e9) Importer(815301076,1909f56bfc062723c751e8b465ee728b)  -> (artifact id: '36cbb8cb1ce2bae9920052d5b101f039') in 0.006118 seconds
  Import took 0.008446 seconds .

========================================================================
Received Import Request.
  Time since last request: 0.000158 seconds.
  path: Assets/GoogleMaps/Scripts
  artifactKey: Guid(a074769ad4b49f842964daccaa10a48d) Importer(815301076,1909f56bfc062723c751e8b465ee728b)
Start importing Assets/GoogleMaps/Scripts using Guid(a074769ad4b49f842964daccaa10a48d) Importer(815301076,1909f56bfc062723c751e8b465ee728b)  -> (artifact id: 'efe7b84304602c9b89250ece5aee6dc7') in 0.004775 seconds
  Import took 0.006691 seconds .

========================================================================
Received Import Request.
  Time since last request: 0.000139 seconds.
  path: Assets/GoogleMaps/Plugins
  artifactKey: Guid(5ec7f9d9b5f57f741ae703e12c42c1e6) Importer(815301076,1909f56bfc062723c751e8b465ee728b)
Start importing Assets/GoogleMaps/Plugins using Guid(5ec7f9d9b5f57f741ae703e12c42c1e6) Importer(815301076,1909f56bfc062723c751e8b465ee728b)  -> (artifact id: '5d33930493edf1d401163ba3ee401a9e') in 0.006137 seconds
  Import took 0.008420 seconds .

========================================================================
Received Import Request.
  Time since last request: 0.000130 seconds.
  path: Assets/GoogleMaps/Resources
  artifactKey: Guid(96d28a9f33174994ca4344538b8fda1f) Importer(815301076,1909f56bfc062723c751e8b465ee728b)
Start importing Assets/GoogleMaps/Resources using Guid(96d28a9f33174994ca4344538b8fda1f) Importer(815301076,1909f56bfc062723c751e8b465ee728b)  -> (artifact id: '40d6202b8cad721660be9492bfa75ee8') in 0.005538 seconds
  Import took 0.007990 seconds .

========================================================================
Received Import Request.
  Time since last request: 0.000165 seconds.
  path: Assets/GoogleMaps/Examples
  artifactKey: Guid(06fd69eb76c37fc40bfd6d076dcb2095) Importer(815301076,1909f56bfc062723c751e8b465ee728b)
Start importing Assets/GoogleMaps/Examples using Guid(06fd69eb76c37fc40bfd6d076dcb2095) Importer(815301076,1909f56bfc062723c751e8b465ee728b)  -> (artifact id: '66d2cd852f460c9291ff73202c5378f5') in 0.006703 seconds
  Import took 0.009067 seconds .

========================================================================
Received Import Request.
  Time since last request: 5.558658 seconds.
  path: Assets/GoogleMaps/Examples/01_GettingStarted
  artifactKey: Guid(0470a8b8f9e475c46b26db2d3312c015) Importer(815301076,1909f56bfc062723c751e8b465ee728b)
Start importing Assets/GoogleMaps/Examples/01_GettingStarted using Guid(0470a8b8f9e475c46b26db2d3312c015) Importer(815301076,1909f56bfc062723c751e8b465ee728b)  -> (artifact id: 'f45b1a8a3d0ab1e35e8f024fa09b7c4b') in 0.004974 seconds
  Import took 0.007192 seconds .

========================================================================
Received Import Request.
  Time since last request: 0.000202 seconds.
  path: Assets/GoogleMaps/Examples/SharedAssets
  artifactKey: Guid(abc363a78ddcc6441bc9b2b0b208b8ad) Importer(815301076,1909f56bfc062723c751e8b465ee728b)
Start importing Assets/GoogleMaps/Examples/SharedAssets using Guid(abc363a78ddcc6441bc9b2b0b208b8ad) Importer(815301076,1909f56bfc062723c751e8b465ee728b)  -> (artifact id: '9fc6b32a92547c525556833724d31144') in 0.005269 seconds
  Import took 0.007541 seconds .

========================================================================
Received Import Request.
  Time since last request: 0.000212 seconds.
  path: Assets/GoogleMaps/Examples/02_Fundamentals
  artifactKey: Guid(8e1615d8034077049bbd0ebd7869b33e) Importer(815301076,1909f56bfc062723c751e8b465ee728b)
Start importing Assets/GoogleMaps/Examples/02_Fundamentals using Guid(8e1615d8034077049bbd0ebd7869b33e) Importer(815301076,1909f56bfc062723c751e8b465ee728b)  -> (artifact id: '254a89a2cb5a924373202a1e7676b973') in 0.006149 seconds
  Import took 0.008451 seconds .

========================================================================
Received Import Request.
  Time since last request: 0.000175 seconds.
  path: Assets/GoogleMaps/Examples/04_Advanced
  artifactKey: Guid(ebcd10fc6d9c83044b9d20ea6640798f) Importer(815301076,1909f56bfc062723c751e8b465ee728b)
Start importing Assets/GoogleMaps/Examples/04_Advanced using Guid(ebcd10fc6d9c83044b9d20ea6640798f) Importer(815301076,1909f56bfc062723c751e8b465ee728b)  -> (artifact id: '9a55382b938ec6d560da0f690f9b8724') in 0.005718 seconds
  Import took 0.008151 seconds .

========================================================================
Received Import Request.
  Time since last request: 0.000146 seconds.
  path: Assets/GoogleMaps/Examples/03_MapsStyling
  artifactKey: Guid(616845e32e321fe4bab012d330b7d8be) Importer(815301076,1909f56bfc062723c751e8b465ee728b)
Start importing Assets/GoogleMaps/Examples/03_MapsStyling using Guid(616845e32e321fe4bab012d330b7d8be) Importer(815301076,1909f56bfc062723c751e8b465ee728b)  -> (artifact id: '9ef51b039a6b0f4a054ae19d284c878a') in 0.005777 seconds
  Import took 0.007969 seconds .

========================================================================
Received Import Request.
  Time since last request: 0.777107 seconds.
  path: Assets/GoogleMaps/Examples/01_GettingStarted/Scripts
  artifactKey: Guid(553d705292988e34497f333087d6e675) Importer(815301076,1909f56bfc062723c751e8b465ee728b)
Start importing Assets/GoogleMaps/Examples/01_GettingStarted/Scripts using Guid(553d705292988e34497f333087d6e675) Importer(815301076,1909f56bfc062723c751e8b465ee728b)  -> (artifact id: '876e642e73e61d838c94ea9eb3c3deeb') in 0.001923 seconds
  Import took 0.004069 seconds .

========================================================================
Received Import Request.
  Time since last request: 0.000183 seconds.
  path: Assets/GoogleMaps/Examples/01_GettingStarted/HelloWorld.unity
  artifactKey: Guid(219fc20f344ac44c19a4694de15c2eb9) Importer(815301076,1909f56bfc062723c751e8b465ee728b)
Start importing Assets/GoogleMaps/Examples/01_GettingStarted/HelloWorld.unity using Guid(219fc20f344ac44c19a4694de15c2eb9) Importer(815301076,1909f56bfc062723c751e8b465ee728b)  -> (artifact id: '354f9eeb13362edf29241d344f177166') in 0.011275 seconds
  Import took 0.013856 seconds .

========================================================================
Received Prepare
Reloading mono domain
Begin MonoManager ReloadAssembly
Registering precompiled unity dll's ...
Register platform support module: C:/Program Files/Unity/Hub/Editor/2020.2.0b10/Editor/Data/PlaybackEngines/WebGLSupport/UnityEditor.WebGL.Extensions.dll
Register platform support module: C:/Program Files/Unity/Hub/Editor/2020.2.0b10/Editor/Data/PlaybackEngines/WindowsStandaloneSupport/UnityEditor.WindowsStandalone.Extensions.dll
Registered in 0.001615 seconds.
Symbol file LoadedFromMemory doesn't match image C:\Users\monog\Documents\Projects\Unity-Google-Maps\Unity Google Maps\Library\PackageCache\com.unity.ext.nunit@1.0.0\net35\unity-custom\nunit.framework.dll
Native extension for WindowsStandalone target not found
Native extension for WebGL target not found
Refreshing native plugins compatible for Editor in 26.71 ms, found 0 plugins.
Preloading 0 native plugins for Editor in 0.00 ms.
Invoked RoslynAnalysisRunner static constructor.
RoslynAnalysisRunner will not be running.
RoslynAnalysisRunner has terminated.
Mono: successfully reloaded assembly
- Completed reload, in  0.838 seconds
Platform modules already initialized, skipping
Registering precompiled user dll's ...
Registered in 0.001711 seconds.
Begin MonoManager ReloadAssembly
Symbol file LoadedFromMemory doesn't match image C:\Users\monog\Documents\Projects\Unity-Google-Maps\Unity Google Maps\Library\PackageCache\com.unity.ext.nunit@1.0.0\net35\unity-custom\nunit.framework.dll
Native extension for WindowsStandalone target not found
Native extension for WebGL target not found
Refreshing native plugins compatible for Editor in 0.25 ms, found 0 plugins.
Preloading 0 native plugins for Editor in 0.00 ms.
Invoked RoslynAnalysisRunner static constructor.
RoslynAnalysisRunner will not be running.
RoslynAnalysisRunner has terminated.
Mono: successfully reloaded assembly
- Completed reload, in  0.863 seconds
Platform modules already initialized, skipping
Refreshing native plugins compatible for Editor in 0.25 ms, found 0 plugins.
Preloading 0 native plugins for Editor in 0.00 ms.
Unloading 12 Unused Serialized files (Serialized files now loaded: 0)
System memory in use before: 44.0 MB.
System memory in use after: 44.1 MB.

Unloading 11 unused Assets to reduce memory usage. Loaded Objects now: 1675.
Total: 1.871200 ms (FindLiveObjects: 0.340500 ms CreateObjectMapping: 0.073000 ms MarkObjects: 1.409800 ms  DeleteObjects: 0.047000 ms)

========================================================================
Received Import Request.
  Time since last request: 24.375339 seconds.
  path: Assets/GoogleMaps/Resources/BaseMapColor.shader
  artifactKey: Guid(cf57c499e03bb47a5b6a484ce19fb7ff) Importer(815301076,1909f56bfc062723c751e8b465ee728b)
Start importing Assets/GoogleMaps/Resources/BaseMapColor.shader using Guid(cf57c499e03bb47a5b6a484ce19fb7ff) Importer(815301076,1909f56bfc062723c751e8b465ee728b)  -> (artifact id: '6c248090610a7f7ae0db57719ecae183') in 0.021393 seconds
  Import took 0.024284 seconds .

========================================================================
Received Import Request.
  Time since last request: 0.000537 seconds.
  path: Assets/GoogleMaps/Resources/BaseMapTextured.shader
  artifactKey: Guid(74209129083190abc09138fe0913bf83) Importer(815301076,1909f56bfc062723c751e8b465ee728b)
Start importing Assets/GoogleMaps/Resources/BaseMapTextured.shader using Guid(74209129083190abc09138fe0913bf83) Importer(815301076,1909f56bfc062723c751e8b465ee728b)  -> (artifact id: '2fd7476a478ef4b2242a777341fb8f2b') in 0.005035 seconds
  Import took 0.007457 seconds .

========================================================================
Received Import Request.
  Time since last request: 0.000284 seconds.
  path: Assets/GoogleMaps/Resources/BaseMapTexturedUnlit.shader
  artifactKey: Guid(84183bed7e90f4bcba69d110857e808f) Importer(815301076,1909f56bfc062723c751e8b465ee728b)
Start importing Assets/GoogleMaps/Resources/BaseMapTexturedUnlit.shader using Guid(84183bed7e90f4bcba69d110857e808f) Importer(815301076,1909f56bfc062723c751e8b465ee728b)  -> (artifact id: '9464a29aa87cdf68d84b364385733835') in 0.006316 seconds
  Import took 0.009392 seconds .

========================================================================
Received Import Request.
  Time since last request: 0.000194 seconds.
  path: Assets/GoogleMaps/Resources/MuskStandard.shader
  artifactKey: Guid(e2fbd16d50e424fb4b36edfff38eed09) Importer(815301076,1909f56bfc062723c751e8b465ee728b)
Start importing Assets/GoogleMaps/Resources/MuskStandard.shader using Guid(e2fbd16d50e424fb4b36edfff38eed09) Importer(815301076,1909f56bfc062723c751e8b465ee728b)  -> (artifact id: '00cea073ec1bb8dc50fe69a43225207b') in 0.005817 seconds
  Import took 0.008544 seconds .

========================================================================
Received Import Request.
  Time since last request: 0.000167 seconds.
  path: Assets/GoogleMaps/Resources/GoogleMapsShaderLib.cginc
  artifactKey: Guid(736a155bcfc0242e49c4fc70f703f001) Importer(815301076,1909f56bfc062723c751e8b465ee728b)
Start importing Assets/GoogleMaps/Resources/GoogleMapsShaderLib.cginc using Guid(736a155bcfc0242e49c4fc70f703f001) Importer(815301076,1909f56bfc062723c751e8b465ee728b)  -> (artifact id: '764cf8ab08ec2e4a039359aa1b8ec6b1') in 0.007654 seconds
  Import took 0.009889 seconds .

========================================================================
Received Import Request.
  Time since last request: 0.000175 seconds.
  path: Assets/GoogleMaps/Resources/BaseMapColorUnlit.shader
  artifactKey: Guid(ad4cbc92cd42940b2bcfb6c29f748272) Importer(815301076,1909f56bfc062723c751e8b465ee728b)
Start importing Assets/GoogleMaps/Resources/BaseMapColorUnlit.shader using Guid(ad4cbc92cd42940b2bcfb6c29f748272) Importer(815301076,1909f56bfc062723c751e8b465ee728b)  -> (artifact id: '072c578758a6a217e2c897c9453c3580') in 0.006561 seconds
  Import took 0.008529 seconds .

========================================================================
Received Import Request.
  Time since last request: 2.642829 seconds.
  path: Assets/GoogleMaps/Editor/Scripts
  artifactKey: Guid(1f85111182117854ab9ff5dd208eb57e) Importer(815301076,1909f56bfc062723c751e8b465ee728b)
Start importing Assets/GoogleMaps/Editor/Scripts using Guid(1f85111182117854ab9ff5dd208eb57e) Importer(815301076,1909f56bfc062723c751e8b465ee728b)  -> (artifact id: '2f3c84c15088be6b56e6c952f3e69679') in 0.002431 seconds
  Import took 0.004641 seconds .

========================================================================
Received Import Request.
  Time since last request: 2.322656 seconds.
  path: Assets/GoogleMaps/Scripts/DeviceCountryProvider.cs
  artifactKey: Guid(2e0b68449f5c494498f0894eb2aa8a16) Importer(815301076,1909f56bfc062723c751e8b465ee728b)
Start importing Assets/GoogleMaps/Scripts/DeviceCountryProvider.cs using Guid(2e0b68449f5c494498f0894eb2aa8a16) Importer(815301076,1909f56bfc062723c751e8b465ee728b)  -> (artifact id: '530223b71de7397d2b7e8864218d92f7') in 0.007761 seconds
  Import took 0.010054 seconds .

========================================================================
Received Import Request.
  Time since last request: 638.478052 seconds.
  path: Assets/GoogleMaps/Examples/02_Fundamentals/Prefabs
  artifactKey: Guid(290c32640012bd1489d2ac628317b587) Importer(815301076,1909f56bfc062723c751e8b465ee728b)
Start importing Assets/GoogleMaps/Examples/02_Fundamentals/Prefabs using Guid(290c32640012bd1489d2ac628317b587) Importer(815301076,1909f56bfc062723c751e8b465ee728b)  -> (artifact id: 'b4906b5bc760a0786cd25d915bc006b1') in 0.006042 seconds
  Import took 0.008813 seconds .

========================================================================
Received Import Request.
  Time since last request: 0.000137 seconds.
  path: Assets/GoogleMaps/Examples/02_Fundamentals/Scripts
  artifactKey: Guid(c21863346fd2193479f5370c13f6d9c9) Importer(815301076,1909f56bfc062723c751e8b465ee728b)
Start importing Assets/GoogleMaps/Examples/02_Fundamentals/Scripts using Guid(c21863346fd2193479f5370c13f6d9c9) Importer(815301076,1909f56bfc062723c751e8b465ee728b)  -> (artifact id: '781ca3eb43ed276d41cda35e8462f5fb') in 0.001935 seconds
  Import took 0.003921 seconds .

========================================================================
Received Import Request.
  Time since last request: 0.000203 seconds.
  path: Assets/GoogleMaps/Examples/02_Fundamentals/Textures
  artifactKey: Guid(5e43fd2495496a642bf95df61fdb7eac) Importer(815301076,1909f56bfc062723c751e8b465ee728b)
Start importing Assets/GoogleMaps/Examples/02_Fundamentals/Textures using Guid(5e43fd2495496a642bf95df61fdb7eac) Importer(815301076,1909f56bfc062723c751e8b465ee728b)  -> (artifact id: 'c983411a0454a052e03c1face0152e03') in 0.005355 seconds
  Import took 0.008150 seconds .

========================================================================
Received Import Request.
  Time since last request: 0.000185 seconds.
  path: Assets/GoogleMaps/Examples/02_Fundamentals/MapsService101.unity
  artifactKey: Guid(0d0aa05c29b584f2290e6ad8de54df72) Importer(815301076,1909f56bfc062723c751e8b465ee728b)
Start importing Assets/GoogleMaps/Examples/02_Fundamentals/MapsService101.unity using Guid(0d0aa05c29b584f2290e6ad8de54df72) Importer(815301076,1909f56bfc062723c751e8b465ee728b)  -> (artifact id: '2f2daa88465d15dcdd0f22b23b0daed3') in 0.005821 seconds
  Import took 0.007842 seconds .

========================================================================
Received Prepare
Reloading mono domain
Begin MonoManager ReloadAssembly
Registering precompiled unity dll's ...
Register platform support module: C:/Program Files/Unity/Hub/Editor/2020.2.0b10/Editor/Data/PlaybackEngines/WebGLSupport/UnityEditor.WebGL.Extensions.dll
Register platform support module: C:/Program Files/Unity/Hub/Editor/2020.2.0b10/Editor/Data/PlaybackEngines/WindowsStandaloneSupport/UnityEditor.WindowsStandalone.Extensions.dll
Registered in 0.002003 seconds.
Symbol file LoadedFromMemory doesn't match image C:\Users\monog\Documents\Projects\Unity-Google-Maps\Unity Google Maps\Library\PackageCache\com.unity.ext.nunit@1.0.0\net35\unity-custom\nunit.framework.dll
Native extension for WindowsStandalone target not found
Native extension for WebGL target not found
Refreshing native plugins compatible for Editor in 32.34 ms, found 0 plugins.
Preloading 0 native plugins for Editor in 0.00 ms.
Invoked RoslynAnalysisRunner static constructor.
RoslynAnalysisRunner will not be running.
RoslynAnalysisRunner has terminated.
Mono: successfully reloaded assembly
- Completed reload, in  1.015 seconds
Platform modules already initialized, skipping
Registering precompiled user dll's ...
Registered in 0.002010 seconds.
Begin MonoManager ReloadAssembly
Symbol file LoadedFromMemory doesn't match image C:\Users\monog\Documents\Projects\Unity-Google-Maps\Unity Google Maps\Library\PackageCache\com.unity.ext.nunit@1.0.0\net35\unity-custom\nunit.framework.dll
Native extension for WindowsStandalone target not found
Native extension for WebGL target not found
Refreshing native plugins compatible for Editor in 0.24 ms, found 0 plugins.
Preloading 0 native plugins for Editor in 0.00 ms.
Invoked RoslynAnalysisRunner static constructor.
RoslynAnalysisRunner will not be running.
RoslynAnalysisRunner has terminated.
Mono: successfully reloaded assembly
- Completed reload, in  0.947 seconds
Platform modules already initialized, skipping
Refreshing native plugins compatible for Editor in 0.28 ms, found 0 plugins.
Preloading 0 native plugins for Editor in 0.00 ms.
Unloading 12 Unused Serialized files (Serialized files now loaded: 0)
System memory in use before: 44.3 MB.
System memory in use after: 44.3 MB.

Unloading 11 unused Assets to reduce memory usage. Loaded Objects now: 1679.
Total: 1.578500 ms (FindLiveObjects: 0.304500 ms CreateObjectMapping: 0.045400 ms MarkObjects: 1.174100 ms  DeleteObjects: 0.053400 ms)

========================================================================
Received Import Request.
  Time since last request: 47.503251 seconds.
  path: Assets/GoogleMaps/Examples/03_MapsStyling/Materials
  artifactKey: Guid(75995bf2335cda44fbf632bf0728b807) Importer(815301076,1909f56bfc062723c751e8b465ee728b)
Start importing Assets/GoogleMaps/Examples/03_MapsStyling/Materials using Guid(75995bf2335cda44fbf632bf0728b807) Importer(815301076,1909f56bfc062723c751e8b465ee728b)  -> (artifact id: 'f9ff486f9df7586262e1700f4b549c5a') in 0.007116 seconds
  Import took 0.009797 seconds .

========================================================================
Received Import Request.
  Time since last request: 0.000172 seconds.
  path: Assets/GoogleMaps/Examples/03_MapsStyling/Scripts
  artifactKey: Guid(d4743c8cbad30924081ad79758937380) Importer(815301076,1909f56bfc062723c751e8b465ee728b)
Start importing Assets/GoogleMaps/Examples/03_MapsStyling/Scripts using Guid(d4743c8cbad30924081ad79758937380) Importer(815301076,1909f56bfc062723c751e8b465ee728b)  -> (artifact id: '30cdc33e50114664bc166dd2c952b0a7') in 0.002426 seconds
  Import took 0.004809 seconds .

========================================================================
Received Import Request.
  Time since last request: 0.000121 seconds.
  path: Assets/GoogleMaps/Examples/03_MapsStyling/StylingMaps101.unity
  artifactKey: Guid(fa3f410a43db64ed297bd670481620d1) Importer(815301076,1909f56bfc062723c751e8b465ee728b)
Start importing Assets/GoogleMaps/Examples/03_MapsStyling/StylingMaps101.unity using Guid(fa3f410a43db64ed297bd670481620d1) Importer(815301076,1909f56bfc062723c751e8b465ee728b)  -> (artifact id: '8349734fe7f62cf778624e22559c652c') in 0.012631 seconds
  Import took 0.014756 seconds .

========================================================================
Received Import Request.
  Time since last request: 0.000127 seconds.
  path: Assets/GoogleMaps/Examples/03_MapsStyling/Shaders
  artifactKey: Guid(82140d187d4a5f34da8c930f958f7bf7) Importer(815301076,1909f56bfc062723c751e8b465ee728b)
Start importing Assets/GoogleMaps/Examples/03_MapsStyling/Shaders using Guid(82140d187d4a5f34da8c930f958f7bf7) Importer(815301076,1909f56bfc062723c751e8b465ee728b)  -> (artifact id: '01adc7f5c22200d9422850cf17cccb7e') in 0.005451 seconds
  Import took 0.007428 seconds .

========================================================================
Received Import Request.
  Time since last request: 0.000130 seconds.
  path: Assets/GoogleMaps/Examples/03_MapsStyling/Prefabs
  artifactKey: Guid(158eaafbfb86dd847b93df8ba284c9ca) Importer(815301076,1909f56bfc062723c751e8b465ee728b)
Start importing Assets/GoogleMaps/Examples/03_MapsStyling/Prefabs using Guid(158eaafbfb86dd847b93df8ba284c9ca) Importer(815301076,1909f56bfc062723c751e8b465ee728b)  -> (artifact id: '020f2c037ca8a5b65ff25ededc3cbb20') in 0.001765 seconds
  Import took 0.003731 seconds .

========================================================================
Received Import Request.
  Time since last request: 0.000130 seconds.
  path: Assets/GoogleMaps/Examples/03_MapsStyling/Textures
  artifactKey: Guid(0fce9c691c5e9d44cb35a6602d71437a) Importer(815301076,1909f56bfc062723c751e8b465ee728b)
Start importing Assets/GoogleMaps/Examples/03_MapsStyling/Textures using Guid(0fce9c691c5e9d44cb35a6602d71437a) Importer(815301076,1909f56bfc062723c751e8b465ee728b)  -> (artifact id: 'c486a6a1d1bd9530654b71e315fe8a3d') in 0.003009 seconds
  Import took 0.005732 seconds .

========================================================================
Received Import Request.
  Time since last request: 0.000204 seconds.
  path: Assets/GoogleMaps/Examples/03_MapsStyling/Models
  artifactKey: Guid(2223bb70bb75feb49a8bf4b41b1420e7) Importer(815301076,1909f56bfc062723c751e8b465ee728b)
Start importing Assets/GoogleMaps/Examples/03_MapsStyling/Models using Guid(2223bb70bb75feb49a8bf4b41b1420e7) Importer(815301076,1909f56bfc062723c751e8b465ee728b)  -> (artifact id: '41475ca5e101dd8184a77e75eb6a796d') in 0.006168 seconds
  Import took 0.008962 seconds .

========================================================================
Received Prepare
Reloading mono domain
Begin MonoManager ReloadAssembly
Registering precompiled unity dll's ...
Register platform support module: C:/Program Files/Unity/Hub/Editor/2020.2.0b10/Editor/Data/PlaybackEngines/WebGLSupport/UnityEditor.WebGL.Extensions.dll
Register platform support module: C:/Program Files/Unity/Hub/Editor/2020.2.0b10/Editor/Data/PlaybackEngines/WindowsStandaloneSupport/UnityEditor.WindowsStandalone.Extensions.dll
Registered in 0.001819 seconds.
Symbol file LoadedFromMemory doesn't match image C:\Users\monog\Documents\Projects\Unity-Google-Maps\Unity Google Maps\Library\PackageCache\com.unity.ext.nunit@1.0.0\net35\unity-custom\nunit.framework.dll
Native extension for WindowsStandalone target not found
Native extension for WebGL target not found
Refreshing native plugins compatible for Editor in 30.21 ms, found 0 plugins.
Preloading 0 native plugins for Editor in 0.00 ms.
Invoked RoslynAnalysisRunner static constructor.
RoslynAnalysisRunner will not be running.
RoslynAnalysisRunner has terminated.
Mono: successfully reloaded assembly
- Completed reload, in  0.932 seconds
Platform modules already initialized, skipping
Registering precompiled user dll's ...
Registered in 0.002057 seconds.
Begin MonoManager ReloadAssembly
Symbol file LoadedFromMemory doesn't match image C:\Users\monog\Documents\Projects\Unity-Google-Maps\Unity Google Maps\Library\PackageCache\com.unity.ext.nunit@1.0.0\net35\unity-custom\nunit.framework.dll
Native extension for WindowsStandalone target not found
Native extension for WebGL target not found
Refreshing native plugins compatible for Editor in 0.33 ms, found 0 plugins.
Preloading 0 native plugins for Editor in 0.00 ms.
Invoked RoslynAnalysisRunner static constructor.
RoslynAnalysisRunner will not be running.
RoslynAnalysisRunner has terminated.
Mono: successfully reloaded assembly
- Completed reload, in  0.898 seconds
Platform modules already initialized, skipping
Refreshing native plugins compatible for Editor in 0.29 ms, found 0 plugins.
Preloading 0 native plugins for Editor in 0.00 ms.
Unloading 12 Unused Serialized files (Serialized files now loaded: 0)
System memory in use before: 44.8 MB.
System memory in use after: 44.9 MB.

Unloading 11 unused Assets to reduce memory usage. Loaded Objects now: 1683.
Total: 2.010300 ms (FindLiveObjects: 0.424600 ms CreateObjectMapping: 0.071600 ms MarkObjects: 1.451700 ms  DeleteObjects: 0.060700 ms)

========================================================================
Received Prepare
Reloading mono domain
Begin MonoManager ReloadAssembly
Registering precompiled unity dll's ...
Register platform support module: C:/Program Files/Unity/Hub/Editor/2020.2.0b10/Editor/Data/PlaybackEngines/WebGLSupport/UnityEditor.WebGL.Extensions.dll
Register platform support module: C:/Program Files/Unity/Hub/Editor/2020.2.0b10/Editor/Data/PlaybackEngines/WindowsStandaloneSupport/UnityEditor.WindowsStandalone.Extensions.dll
Registered in 0.001658 seconds.
Symbol file LoadedFromMemory doesn't match image C:\Users\monog\Documents\Projects\Unity-Google-Maps\Unity Google Maps\Library\PackageCache\com.unity.ext.nunit@1.0.0\net35\unity-custom\nunit.framework.dll
Native extension for WindowsStandalone target not found
Native extension for WebGL target not found
Refreshing native plugins compatible for Editor in 26.98 ms, found 0 plugins.
Preloading 0 native plugins for Editor in 0.00 ms.
Invoked RoslynAnalysisRunner static constructor.
RoslynAnalysisRunner will not be running.
RoslynAnalysisRunner has terminated.
Mono: successfully reloaded assembly
- Completed reload, in  0.895 seconds
Platform modules already initialized, skipping
Registering precompiled user dll's ...
Registered in 0.001773 seconds.
Begin MonoManager ReloadAssembly
Symbol file LoadedFromMemory doesn't match image C:\Users\monog\Documents\Projects\Unity-Google-Maps\Unity Google Maps\Library\PackageCache\com.unity.ext.nunit@1.0.0\net35\unity-custom\nunit.framework.dll
Native extension for WindowsStandalone target not found
Native extension for WebGL target not found
Refreshing native plugins compatible for Editor in 0.27 ms, found 0 plugins.
Preloading 0 native plugins for Editor in 0.00 ms.
Invoked RoslynAnalysisRunner static constructor.
RoslynAnalysisRunner will not be running.
RoslynAnalysisRunner has terminated.
Mono: successfully reloaded assembly
- Completed reload, in  0.846 seconds
Platform modules already initialized, skipping
Refreshing native plugins compatible for Editor in 0.27 ms, found 0 plugins.
Preloading 0 native plugins for Editor in 0.00 ms.
Unloading 16 Unused Serialized files (Serialized files now loaded: 0)
System memory in use before: 45.3 MB.
System memory in use after: 45.4 MB.

Unloading 11 unused Assets to reduce memory usage. Loaded Objects now: 1687.
Total: 1.798400 ms (FindLiveObjects: 0.394700 ms CreateObjectMapping: 0.062000 ms MarkObjects: 1.286000 ms  DeleteObjects: 0.053600 ms)

========================================================================
Received Prepare
Refreshing native plugins compatible for Editor in 2.28 ms, found 0 plugins.
Preloading 0 native plugins for Editor in 0.00 ms.
Unloading 12 Unused Serialized files (Serialized files now loaded: 0)
System memory in use before: 44.4 MB.
System memory in use after: 44.5 MB.

Unloading 9 unused Assets to reduce memory usage. Loaded Objects now: 1687.
Total: 2.124200 ms (FindLiveObjects: 0.521900 ms CreateObjectMapping: 0.131400 ms MarkObjects: 1.421400 ms  DeleteObjects: 0.047500 ms)

========================================================================
Received Import Request.
  Time since last request: 523.343906 seconds.
  path: Assets/GoogleMaps/Examples/04_Advanced/EditTimePreview
  artifactKey: Guid(53d36b8d943b9354bbd7c359b969ee76) Importer(815301076,1909f56bfc062723c751e8b465ee728b)
Start importing Assets/GoogleMaps/Examples/04_Advanced/EditTimePreview using Guid(53d36b8d943b9354bbd7c359b969ee76) Importer(815301076,1909f56bfc062723c751e8b465ee728b)  -> (artifact id: '22cc145f51f588518e3db2ff18a61faf') in 0.007585 seconds
  Import took 0.010275 seconds .

========================================================================
Received Import Request.
  Time since last request: 0.000145 seconds.
  path: Assets/GoogleMaps/Examples/04_Advanced/Terrain
  artifactKey: Guid(99c91974a6108f0498ba2d0643685ce8) Importer(815301076,1909f56bfc062723c751e8b465ee728b)
Start importing Assets/GoogleMaps/Examples/04_Advanced/Terrain using Guid(99c91974a6108f0498ba2d0643685ce8) Importer(815301076,1909f56bfc062723c751e8b465ee728b)  -> (artifact id: '30a4efa6ff220f8467eedd98f2ddf2dc') in 0.005652 seconds
  Import took 0.007523 seconds .

========================================================================
Received Import Request.
  Time since last request: 0.000150 seconds.
  path: Assets/GoogleMaps/Examples/04_Advanced/MoreStyling
  artifactKey: Guid(03c06d81f270d5b4c9e8790b8769b01f) Importer(815301076,1909f56bfc062723c751e8b465ee728b)
Start importing Assets/GoogleMaps/Examples/04_Advanced/MoreStyling using Guid(03c06d81f270d5b4c9e8790b8769b01f) Importer(815301076,1909f56bfc062723c751e8b465ee728b)  -> (artifact id: '569dabcec82fa9cb3902265a40dea829') in 0.007090 seconds
  Import took 0.009243 seconds .

========================================================================
Received Import Request.
  Time since last request: 0.000127 seconds.
  path: Assets/GoogleMaps/Examples/04_Advanced/RoadLattice
  artifactKey: Guid(0dfdae8ac7347eb4295fadafc0997428) Importer(815301076,1909f56bfc062723c751e8b465ee728b)
Start importing Assets/GoogleMaps/Examples/04_Advanced/RoadLattice using Guid(0dfdae8ac7347eb4295fadafc0997428) Importer(815301076,1909f56bfc062723c751e8b465ee728b)  -> (artifact id: '6eb9813a344e2838fd09bf54199237ff') in 0.006313 seconds
  Import took 0.008873 seconds .

========================================================================
Received Import Request.
  Time since last request: 0.000132 seconds.
  path: Assets/GoogleMaps/Examples/04_Advanced/Miscellaneous
  artifactKey: Guid(a73bbb8af758aed46ab7ed951e0936d7) Importer(815301076,1909f56bfc062723c751e8b465ee728b)
Start importing Assets/GoogleMaps/Examples/04_Advanced/Miscellaneous using Guid(a73bbb8af758aed46ab7ed951e0936d7) Importer(815301076,1909f56bfc062723c751e8b465ee728b)  -> (artifact id: '784d2dc996a404eb6646e0e6c4b87ea8') in 0.005516 seconds
  Import took 0.007491 seconds .

========================================================================
Received Import Request.
  Time since last request: 0.000225 seconds.
  path: Assets/GoogleMaps/Examples/04_Advanced/MixedZoom
  artifactKey: Guid(fa755483400971c4dae4e2035907ca92) Importer(815301076,1909f56bfc062723c751e8b465ee728b)
Start importing Assets/GoogleMaps/Examples/04_Advanced/MixedZoom using Guid(fa755483400971c4dae4e2035907ca92) Importer(815301076,1909f56bfc062723c751e8b465ee728b)  -> (artifact id: '053a4b30ef31a65ed7050f9fb1a398df') in 0.006039 seconds
  Import took 0.008250 seconds .

========================================================================
Received Import Request.
  Time since last request: 0.000225 seconds.
  path: Assets/GoogleMaps/Examples/04_Advanced/Intersections
  artifactKey: Guid(897f55c084152594a807234394cb7680) Importer(815301076,1909f56bfc062723c751e8b465ee728b)
Start importing Assets/GoogleMaps/Examples/04_Advanced/Intersections using Guid(897f55c084152594a807234394cb7680) Importer(815301076,1909f56bfc062723c751e8b465ee728b)  -> (artifact id: 'dc0436208ca87692959001b2949c56d9') in 0.007067 seconds
  Import took 0.009657 seconds .

========================================================================
Received Import Request.
  Time since last request: 0.000161 seconds.
  path: Assets/GoogleMaps/Examples/04_Advanced/Fencing
  artifactKey: Guid(ada77c81dbf54f04480437f4b2efaffc) Importer(815301076,1909f56bfc062723c751e8b465ee728b)
Start importing Assets/GoogleMaps/Examples/04_Advanced/Fencing using Guid(ada77c81dbf54f04480437f4b2efaffc) Importer(815301076,1909f56bfc062723c751e8b465ee728b)  -> (artifact id: '4f96e08931b50713f5a73ef64fa7407a') in 0.005526 seconds
  Import took 0.007796 seconds .

========================================================================
Received Import Request.
  Time since last request: 2.113380 seconds.
  path: Assets/GoogleMaps/Examples/04_Advanced/EditTimePreview/Materials
  artifactKey: Guid(5114b05fd88384e4c968e7adb3b408b9) Importer(815301076,1909f56bfc062723c751e8b465ee728b)
Start importing Assets/GoogleMaps/Examples/04_Advanced/EditTimePreview/Materials using Guid(5114b05fd88384e4c968e7adb3b408b9) Importer(815301076,1909f56bfc062723c751e8b465ee728b)  -> (artifact id: '11c931daaa8446f594136659db4612c4') in 0.006271 seconds
  Import took 0.008923 seconds .

========================================================================
Received Import Request.
  Time since last request: 0.000147 seconds.
  path: Assets/GoogleMaps/Examples/04_Advanced/EditTimePreview/Scripts
  artifactKey: Guid(60e7c4109a81e734ab271b7c487c46fd) Importer(815301076,1909f56bfc062723c751e8b465ee728b)
Start importing Assets/GoogleMaps/Examples/04_Advanced/EditTimePreview/Scripts using Guid(60e7c4109a81e734ab271b7c487c46fd) Importer(815301076,1909f56bfc062723c751e8b465ee728b)  -> (artifact id: '53ef4d666cfba4e6e26b9af67f7c69e0') in 0.002201 seconds
  Import took 0.004386 seconds .

========================================================================
Received Import Request.
  Time since last request: 0.000149 seconds.
  path: Assets/GoogleMaps/Examples/04_Advanced/EditTimePreview/EditTimePreviewExample.unity
  artifactKey: Guid(3ab9c889725ba4be2ba4dd287f627274) Importer(815301076,1909f56bfc062723c751e8b465ee728b)
Start importing Assets/GoogleMaps/Examples/04_Advanced/EditTimePreview/EditTimePreviewExample.unity using Guid(3ab9c889725ba4be2ba4dd287f627274) Importer(815301076,1909f56bfc062723c751e8b465ee728b)  -> (artifact id: '4331ad4ec94a4ad0c4f7ff5d28e6f2e7') in 0.012985 seconds
  Import took 0.015205 seconds .

========================================================================
Received Prepare
Reloading mono domain
Begin MonoManager ReloadAssembly
Registering precompiled unity dll's ...
Register platform support module: C:/Program Files/Unity/Hub/Editor/2020.2.0b10/Editor/Data/PlaybackEngines/WebGLSupport/UnityEditor.WebGL.Extensions.dll
Register platform support module: C:/Program Files/Unity/Hub/Editor/2020.2.0b10/Editor/Data/PlaybackEngines/WindowsStandaloneSupport/UnityEditor.WindowsStandalone.Extensions.dll
Registered in 0.001485 seconds.
Symbol file LoadedFromMemory doesn't match image C:\Users\monog\Documents\Projects\Unity-Google-Maps\Unity Google Maps\Library\PackageCache\com.unity.ext.nunit@1.0.0\net35\unity-custom\nunit.framework.dll
Native extension for WindowsStandalone target not found
Native extension for WebGL target not found
Refreshing native plugins compatible for Editor in 25.37 ms, found 0 plugins.
Preloading 0 native plugins for Editor in 0.00 ms.
Invoked RoslynAnalysisRunner static constructor.
RoslynAnalysisRunner will not be running.
RoslynAnalysisRunner has terminated.
Mono: successfully reloaded assembly
- Completed reload, in  0.922 seconds
Platform modules already initialized, skipping
Registering precompiled user dll's ...
Registered in 0.001872 seconds.
Begin MonoManager ReloadAssembly
Symbol file LoadedFromMemory doesn't match image C:\Users\monog\Documents\Projects\Unity-Google-Maps\Unity Google Maps\Library\PackageCache\com.unity.ext.nunit@1.0.0\net35\unity-custom\nunit.framework.dll
Native extension for WindowsStandalone target not found
Native extension for WebGL target not found
Refreshing native plugins compatible for Editor in 0.40 ms, found 0 plugins.
Preloading 0 native plugins for Editor in 0.00 ms.
Invoked RoslynAnalysisRunner static constructor.
RoslynAnalysisRunner will not be running.
RoslynAnalysisRunner has terminated.
Mono: successfully reloaded assembly
- Completed reload, in  0.835 seconds
Platform modules already initialized, skipping
Refreshing native plugins compatible for Editor in 0.24 ms, found 0 plugins.
Preloading 0 native plugins for Editor in 0.00 ms.
Unloading 15 Unused Serialized files (Serialized files now loaded: 0)
System memory in use before: 45.4 MB.
System memory in use after: 45.4 MB.

Unloading 11 unused Assets to reduce memory usage. Loaded Objects now: 1691.
Total: 1.787400 ms (FindLiveObjects: 0.528100 ms CreateObjectMapping: 0.095700 ms MarkObjects: 1.111900 ms  DeleteObjects: 0.050600 ms)

========================================================================
Received Prepare
Reloading mono domain
Begin MonoManager ReloadAssembly
Registering precompiled unity dll's ...
Register platform support module: C:/Program Files/Unity/Hub/Editor/2020.2.0b10/Editor/Data/PlaybackEngines/WebGLSupport/UnityEditor.WebGL.Extensions.dll
Register platform support module: C:/Program Files/Unity/Hub/Editor/2020.2.0b10/Editor/Data/PlaybackEngines/WindowsStandaloneSupport/UnityEditor.WindowsStandalone.Extensions.dll
Registered in 0.001728 seconds.
Symbol file LoadedFromMemory doesn't match image C:\Users\monog\Documents\Projects\Unity-Google-Maps\Unity Google Maps\Library\PackageCache\com.unity.ext.nunit@1.0.0\net35\unity-custom\nunit.framework.dll
Native extension for WindowsStandalone target not found
Native extension for WebGL target not found
Refreshing native plugins compatible for Editor in 27.16 ms, found 0 plugins.
Preloading 0 native plugins for Editor in 0.00 ms.
Invoked RoslynAnalysisRunner static constructor.
RoslynAnalysisRunner will not be running.
RoslynAnalysisRunner has terminated.
Mono: successfully reloaded assembly
- Completed reload, in  0.936 seconds
Platform modules already initialized, skipping
Registering precompiled user dll's ...
Registered in 0.001604 seconds.
Begin MonoManager ReloadAssembly
Symbol file LoadedFromMemory doesn't match image C:\Users\monog\Documents\Projects\Unity-Google-Maps\Unity Google Maps\Library\PackageCache\com.unity.ext.nunit@1.0.0\net35\unity-custom\nunit.framework.dll
Native extension for WindowsStandalone target not found
Native extension for WebGL target not found
Refreshing native plugins compatible for Editor in 0.24 ms, found 0 plugins.
Preloading 0 native plugins for Editor in 0.00 ms.
Invoked RoslynAnalysisRunner static constructor.
RoslynAnalysisRunner will not be running.
RoslynAnalysisRunner has terminated.
Mono: successfully reloaded assembly
- Completed reload, in  0.865 seconds
Platform modules already initialized, skipping
Refreshing native plugins compatible for Editor in 0.28 ms, found 0 plugins.
Preloading 0 native plugins for Editor in 0.00 ms.
Unloading 16 Unused Serialized files (Serialized files now loaded: 0)
System memory in use before: 45.1 MB.
System memory in use after: 45.2 MB.

Unloading 11 unused Assets to reduce memory usage. Loaded Objects now: 1695.
Total: 2.446600 ms (FindLiveObjects: 0.595300 ms CreateObjectMapping: 0.115700 ms MarkObjects: 1.640900 ms  DeleteObjects: 0.093500 ms)

========================================================================
Received Import Request.
  Time since last request: 110.605912 seconds.
  path: Assets/GoogleMaps/Examples/04_Advanced/Fencing/Materials
  artifactKey: Guid(7e5038e4e3593884ca81eadd100638f0) Importer(815301076,1909f56bfc062723c751e8b465ee728b)
Start importing Assets/GoogleMaps/Examples/04_Advanced/Fencing/Materials using Guid(7e5038e4e3593884ca81eadd100638f0) Importer(815301076,1909f56bfc062723c751e8b465ee728b)  -> (artifact id: '026a37d83add4c77e80e2360bdd8dcd6') in 0.003499 seconds
  Import took 0.006247 seconds .

========================================================================
Received Import Request.
  Time since last request: 0.000202 seconds.
  path: Assets/GoogleMaps/Examples/04_Advanced/Fencing/Scripts
  artifactKey: Guid(656e173e736967948a21f847ff7cb2b7) Importer(815301076,1909f56bfc062723c751e8b465ee728b)
Start importing Assets/GoogleMaps/Examples/04_Advanced/Fencing/Scripts using Guid(656e173e736967948a21f847ff7cb2b7) Importer(815301076,1909f56bfc062723c751e8b465ee728b)  -> (artifact id: 'dac99148e7a15e281d1c10fcb8139555') in 0.001961 seconds
  Import took 0.003879 seconds .

========================================================================
Received Import Request.
  Time since last request: 0.000118 seconds.
  path: Assets/GoogleMaps/Examples/04_Advanced/Fencing/Prefabs
  artifactKey: Guid(10bb140fc1785bb47856d0d138dbe4f5) Importer(815301076,1909f56bfc062723c751e8b465ee728b)
Start importing Assets/GoogleMaps/Examples/04_Advanced/Fencing/Prefabs using Guid(10bb140fc1785bb47856d0d138dbe4f5) Importer(815301076,1909f56bfc062723c751e8b465ee728b)  -> (artifact id: '84884277fb8b82190716bb2095f6a13a') in 0.005327 seconds
  Import took 0.007686 seconds .

========================================================================
Received Import Request.
  Time since last request: 0.000124 seconds.
  path: Assets/GoogleMaps/Examples/04_Advanced/Fencing/Fencing.unity
  artifactKey: Guid(4bc00aa0121864405bbe93dabcc5c9d8) Importer(815301076,1909f56bfc062723c751e8b465ee728b)
Start importing Assets/GoogleMaps/Examples/04_Advanced/Fencing/Fencing.unity using Guid(4bc00aa0121864405bbe93dabcc5c9d8) Importer(815301076,1909f56bfc062723c751e8b465ee728b)  -> (artifact id: 'fedef14859f40996da357ad3e738b0b3') in 0.012289 seconds
  Import took 0.014510 seconds .

========================================================================
Received Import Request.
  Time since last request: 37.334656 seconds.
  path: Assets/GoogleMaps/Examples/04_Advanced/MixedZoom/Scripts
  artifactKey: Guid(762e92c38ed97594a94ebee724943d0c) Importer(815301076,1909f56bfc062723c751e8b465ee728b)
Start importing Assets/GoogleMaps/Examples/04_Advanced/MixedZoom/Scripts using Guid(762e92c38ed97594a94ebee724943d0c) Importer(815301076,1909f56bfc062723c751e8b465ee728b)  -> (artifact id: '4212359a2fb908c1cb219a8aa8b9c230') in 0.002374 seconds
  Import took 0.004748 seconds .

========================================================================
Received Import Request.
  Time since last request: 0.000136 seconds.
  path: Assets/GoogleMaps/Examples/04_Advanced/MixedZoom/MixedZoom.unity
  artifactKey: Guid(366a6a3f3ac214ced876bf8519666812) Importer(815301076,1909f56bfc062723c751e8b465ee728b)
Start importing Assets/GoogleMaps/Examples/04_Advanced/MixedZoom/MixedZoom.unity using Guid(366a6a3f3ac214ced876bf8519666812) Importer(815301076,1909f56bfc062723c751e8b465ee728b)  -> (artifact id: 'd32d3f58c15f72754092c7f462748ceb') in 0.008160 seconds
  Import took 0.010258 seconds .

========================================================================
Received Import Request.
  Time since last request: 49.117775 seconds.
  path: Assets/GoogleMaps/Examples/04_Advanced/Terrain/Materials
  artifactKey: Guid(701171776c559d44ea41c5eabe843af3) Importer(815301076,1909f56bfc062723c751e8b465ee728b)
Start importing Assets/GoogleMaps/Examples/04_Advanced/Terrain/Materials using Guid(701171776c559d44ea41c5eabe843af3) Importer(815301076,1909f56bfc062723c751e8b465ee728b)  -> (artifact id: 'db343341683def4fe07666b7a2f0d01a') in 0.002055 seconds
  Import took 0.004378 seconds .

========================================================================
Received Import Request.
  Time since last request: 0.000122 seconds.
  path: Assets/GoogleMaps/Examples/04_Advanced/Terrain/Workaround_Terrain_Data.asset
  artifactKey: Guid(d17e9a2a0c0ea4c898b62ca4d39a80ae) Importer(815301076,1909f56bfc062723c751e8b465ee728b)
Start importing Assets/GoogleMaps/Examples/04_Advanced/Terrain/Workaround_Terrain_Data.asset using Guid(d17e9a2a0c0ea4c898b62ca4d39a80ae) Importer(815301076,1909f56bfc062723c751e8b465ee728b)  -> (artifact id: '343eecf2d557d61aa653cdd0c42f202d') in 0.020303 seconds
  Import took 0.022470 seconds .

========================================================================
Received Import Request.
  Time since last request: 0.000168 seconds.
  path: Assets/GoogleMaps/Examples/04_Advanced/Terrain/Scripts
  artifactKey: Guid(435c738c0f2e7714f9b3b25f6e5fec48) Importer(815301076,1909f56bfc062723c751e8b465ee728b)
Start importing Assets/GoogleMaps/Examples/04_Advanced/Terrain/Scripts using Guid(435c738c0f2e7714f9b3b25f6e5fec48) Importer(815301076,1909f56bfc062723c751e8b465ee728b)  -> (artifact id: '67929f98f1066fdd9f3f8d6f5e4fc42f') in 0.002183 seconds
  Import took 0.004350 seconds .

========================================================================
Received Import Request.
  Time since last request: 0.000160 seconds.
  path: Assets/GoogleMaps/Examples/04_Advanced/Terrain/Textures
  artifactKey: Guid(af599a8300af933468671aa2d1dde442) Importer(815301076,1909f56bfc062723c751e8b465ee728b)
Start importing Assets/GoogleMaps/Examples/04_Advanced/Terrain/Textures using Guid(af599a8300af933468671aa2d1dde442) Importer(815301076,1909f56bfc062723c751e8b465ee728b)  -> (artifact id: '25d4e5083ea06d3afd1636f6e50ba4bd') in 0.005491 seconds
  Import took 0.007680 seconds .

========================================================================
Received Import Request.
  Time since last request: 0.000144 seconds.
  path: Assets/GoogleMaps/Examples/04_Advanced/Terrain/TerrainLayers
  artifactKey: Guid(72a11a4a3c5ec3c45bd3270c111ac617) Importer(815301076,1909f56bfc062723c751e8b465ee728b)
Start importing Assets/GoogleMaps/Examples/04_Advanced/Terrain/TerrainLayers using Guid(72a11a4a3c5ec3c45bd3270c111ac617) Importer(815301076,1909f56bfc062723c751e8b465ee728b)  -> (artifact id: '588b9a3823edc7e7a7e20304ad19f03d') in 0.005637 seconds
  Import took 0.007696 seconds .

========================================================================
Received Import Request.
  Time since last request: 0.000128 seconds.
  path: Assets/GoogleMaps/Examples/04_Advanced/Terrain/Terrain.unity
  artifactKey: Guid(9030b695d0e894ed3ae1b682af95e783) Importer(815301076,1909f56bfc062723c751e8b465ee728b)
Start importing Assets/GoogleMaps/Examples/04_Advanced/Terrain/Terrain.unity using Guid(9030b695d0e894ed3ae1b682af95e783) Importer(815301076,1909f56bfc062723c751e8b465ee728b)  -> (artifact id: '21c035860caeda02869cf067f13cb77c') in 0.006278 seconds
  Import took 0.008446 seconds .

========================================================================
Received Import Request.
  Time since last request: 0.000160 seconds.
  path: Assets/GoogleMaps/Examples/04_Advanced/Terrain/MixedZoomTerrain.unity
  artifactKey: Guid(c676ba817406f42539aa0c103b050a0b) Importer(815301076,1909f56bfc062723c751e8b465ee728b)
Start importing Assets/GoogleMaps/Examples/04_Advanced/Terrain/MixedZoomTerrain.unity using Guid(c676ba817406f42539aa0c103b050a0b) Importer(815301076,1909f56bfc062723c751e8b465ee728b)  -> (artifact id: '6ec67f1efcc1bf3b438a7d7d3ff53f71') in 0.006204 seconds
  Import took 0.008410 seconds .

========================================================================
Received Prepare
Reloading mono domain
Begin MonoManager ReloadAssembly
Registering precompiled unity dll's ...
Register platform support module: C:/Program Files/Unity/Hub/Editor/2020.2.0b10/Editor/Data/PlaybackEngines/WebGLSupport/UnityEditor.WebGL.Extensions.dll
Register platform support module: C:/Program Files/Unity/Hub/Editor/2020.2.0b10/Editor/Data/PlaybackEngines/WindowsStandaloneSupport/UnityEditor.WindowsStandalone.Extensions.dll
Registered in 0.001734 seconds.
Symbol file LoadedFromMemory doesn't match image C:\Users\monog\Documents\Projects\Unity-Google-Maps\Unity Google Maps\Library\PackageCache\com.unity.ext.nunit@1.0.0\net35\unity-custom\nunit.framework.dll
Native extension for WindowsStandalone target not found
Native extension for WebGL target not found
Refreshing native plugins compatible for Editor in 29.17 ms, found 0 plugins.
Preloading 0 native plugins for Editor in 0.00 ms.
Invoked RoslynAnalysisRunner static constructor.
RoslynAnalysisRunner will not be running.
RoslynAnalysisRunner has terminated.
Mono: successfully reloaded assembly
- Completed reload, in  1.039 seconds
Platform modules already initialized, skipping
Registering precompiled user dll's ...
Registered in 0.001547 seconds.
Begin MonoManager ReloadAssembly
Symbol file LoadedFromMemory doesn't match image C:\Users\monog\Documents\Projects\Unity-Google-Maps\Unity Google Maps\Library\PackageCache\com.unity.ext.nunit@1.0.0\net35\unity-custom\nunit.framework.dll
Native extension for WindowsStandalone target not found
Native extension for WebGL target not found
Refreshing native plugins compatible for Editor in 0.25 ms, found 0 plugins.
Preloading 0 native plugins for Editor in 0.00 ms.
Invoked RoslynAnalysisRunner static constructor.
RoslynAnalysisRunner will not be running.
RoslynAnalysisRunner has terminated.
Mono: successfully reloaded assembly
- Completed reload, in  0.868 seconds
Platform modules already initialized, skipping
Refreshing native plugins compatible for Editor in 0.26 ms, found 0 plugins.
Preloading 0 native plugins for Editor in 0.00 ms.
Unloading 16 Unused Serialized files (Serialized files now loaded: 0)
System memory in use before: 46.2 MB.
System memory in use after: 45.8 MB.

Unloading 13 unused Assets to reduce memory usage. Loaded Objects now: 1700.
Total: 2.247300 ms (FindLiveObjects: 0.297200 ms CreateObjectMapping: 0.053400 ms MarkObjects: 1.550700 ms  DeleteObjects: 0.345000 ms)

========================================================================
Received Import Request.
  Time since last request: 23.891184 seconds.
  path: Assets/GoogleMaps/Examples/02_Fundamentals/MapsService101Settings.lighting
  artifactKey: Guid(a438489a976474045accbc460541b07e) Importer(815301076,1909f56bfc062723c751e8b465ee728b)
Start importing Assets/GoogleMaps/Examples/02_Fundamentals/MapsService101Settings.lighting using Guid(a438489a976474045accbc460541b07e) Importer(815301076,1909f56bfc062723c751e8b465ee728b) LightingSettings: switching bake backend from 1 to 0.
 -> (artifact id: '997cb87ab12a45c7815144ee73c5a45d') in 0.012976 seconds
  Import took 0.015124 seconds .

========================================================================
Received Import Request.
  Time since last request: 0.000230 seconds.
  path: Assets/GoogleMaps/Examples/02_Fundamentals/MapsService101.unity
  artifactKey: Guid(0d0aa05c29b584f2290e6ad8de54df72) Importer(815301076,1909f56bfc062723c751e8b465ee728b)
Start importing Assets/GoogleMaps/Examples/02_Fundamentals/MapsService101.unity using Guid(0d0aa05c29b584f2290e6ad8de54df72) Importer(815301076,1909f56bfc062723c751e8b465ee728b)  -> (artifact id: '3cdc02ee9413dbd175b750bf65c0a8c9') in 0.005403 seconds
  Import took 0.008073 seconds .

========================================================================
Received Prepare
Refreshing native plugins compatible for Editor in 2.10 ms, found 0 plugins.
Preloading 0 native plugins for Editor in 0.00 ms.
Unloading 12 Unused Serialized files (Serialized files now loaded: 0)
System memory in use before: 44.0 MB.
System memory in use after: 44.1 MB.

Unloading 9 unused Assets to reduce memory usage. Loaded Objects now: 1700.
Total: 2.259400 ms (FindLiveObjects: 0.524900 ms CreateObjectMapping: 0.050300 ms MarkObjects: 1.644300 ms  DeleteObjects: 0.038300 ms)

========================================================================
Received Import Request.
  Time since last request: 375.813635 seconds.
  path: Assets/GoogleMaps/Examples/02_Fundamentals/MapsService101.unity
  artifactKey: Guid(0d0aa05c29b584f2290e6ad8de54df72) Importer(815301076,1909f56bfc062723c751e8b465ee728b)
Start importing Assets/GoogleMaps/Examples/02_Fundamentals/MapsService101.unity using Guid(0d0aa05c29b584f2290e6ad8de54df72) Importer(815301076,1909f56bfc062723c751e8b465ee728b)  -> (artifact id: 'ff05eca77a44546f5416b6fcb800b855') in 0.003721 seconds
  Import took 0.006570 seconds .

========================================================================
Received Prepare
Reloading mono domain
Begin MonoManager ReloadAssembly
Registering precompiled unity dll's ...
Register platform support module: C:/Program Files/Unity/Hub/Editor/2020.2.0b10/Editor/Data/PlaybackEngines/WebGLSupport/UnityEditor.WebGL.Extensions.dll
Register platform support module: C:/Program Files/Unity/Hub/Editor/2020.2.0b10/Editor/Data/PlaybackEngines/WindowsStandaloneSupport/UnityEditor.WindowsStandalone.Extensions.dll
Registered in 0.001704 seconds.
Symbol file LoadedFromMemory doesn't match image C:\Users\monog\Documents\Projects\Unity-Google-Maps\Unity Google Maps\Library\PackageCache\com.unity.ext.nunit@1.0.0\net35\unity-custom\nunit.framework.dll
Native extension for WindowsStandalone target not found
Native extension for WebGL target not found
Refreshing native plugins compatible for Editor in 25.67 ms, found 0 plugins.
Preloading 0 native plugins for Editor in 0.00 ms.
Invoked RoslynAnalysisRunner static constructor.
RoslynAnalysisRunner will not be running.
RoslynAnalysisRunner has terminated.
Mono: successfully reloaded assembly
- Completed reload, in  0.978 seconds
Platform modules already initialized, skipping
Registering precompiled user dll's ...
Registered in 0.001687 seconds.
Begin MonoManager ReloadAssembly
Symbol file LoadedFromMemory doesn't match image C:\Users\monog\Documents\Projects\Unity-Google-Maps\Unity Google Maps\Library\PackageCache\com.unity.ext.nunit@1.0.0\net35\unity-custom\nunit.framework.dll
Native extension for WindowsStandalone target not found
Native extension for WebGL target not found
Refreshing native plugins compatible for Editor in 0.24 ms, found 0 plugins.
Preloading 0 native plugins for Editor in 0.00 ms.
Invoked RoslynAnalysisRunner static constructor.
RoslynAnalysisRunner will not be running.
RoslynAnalysisRunner has terminated.
Mono: successfully reloaded assembly
- Completed reload, in  0.896 seconds
Platform modules already initialized, skipping
Refreshing native plugins compatible for Editor in 0.31 ms, found 0 plugins.
Preloading 0 native plugins for Editor in 0.00 ms.
Unloading 15 Unused Serialized files (Serialized files now loaded: 0)
System memory in use before: 45.3 MB.
System memory in use after: 45.4 MB.

Unloading 11 unused Assets to reduce memory usage. Loaded Objects now: 1704.
Total: 1.628000 ms (FindLiveObjects: 0.380000 ms CreateObjectMapping: 0.056700 ms MarkObjects: 1.143300 ms  DeleteObjects: 0.047100 ms)

========================================================================
Received Import Request.
  Time since last request: 102.883348 seconds.
  path: Assets/GoogleMaps/Examples/SharedAssets/Scripts/ApiKeyChecker.cs
  artifactKey: Guid(3121beff27e6c475c91ff400fb7426cf) Importer(815301076,1909f56bfc062723c751e8b465ee728b)
Start importing Assets/GoogleMaps/Examples/SharedAssets/Scripts/ApiKeyChecker.cs using Guid(3121beff27e6c475c91ff400fb7426cf) Importer(815301076,1909f56bfc062723c751e8b465ee728b)  -> (artifact id: '0e44d2a4b173d68b4fc1a538a2256dc2') in 0.006878 seconds
  Import took 0.009268 seconds .

========================================================================
Received Import Request.
  Time since last request: 0.000147 seconds.
  path: Assets/GoogleMaps/Examples/SharedAssets/Scripts/CameraController.cs
  artifactKey: Guid(344ebe44db4d14b70994f3c80b72fa96) Importer(815301076,1909f56bfc062723c751e8b465ee728b)
Start importing Assets/GoogleMaps/Examples/SharedAssets/Scripts/CameraController.cs using Guid(344ebe44db4d14b70994f3c80b72fa96) Importer(815301076,1909f56bfc062723c751e8b465ee728b)  -> (artifact id: '466142cb702339c49618dc6006dbc116') in 0.005431 seconds
  Import took 0.007728 seconds .

========================================================================
Received Import Request.
  Time since last request: 0.000222 seconds.
  path: Assets/GoogleMaps/Examples/SharedAssets/Scripts/JoystickController.cs
  artifactKey: Guid(915f4e653dd854ebaa458024b3e96eed) Importer(815301076,1909f56bfc062723c751e8b465ee728b)
Start importing Assets/GoogleMaps/Examples/SharedAssets/Scripts/JoystickController.cs using Guid(915f4e653dd854ebaa458024b3e96eed) Importer(815301076,1909f56bfc062723c751e8b465ee728b)  -> (artifact id: '96b50f30a0b3ab5a15aab245f20d572e') in 0.006528 seconds
  Import took 0.009252 seconds .

========================================================================
Received Import Request.
  Time since last request: 0.000173 seconds.
  path: Assets/GoogleMaps/Examples/SharedAssets/Scripts/PanelAnimationController.cs
  artifactKey: Guid(d1e4889a28cdd4f548872debee6da86a) Importer(815301076,1909f56bfc062723c751e8b465ee728b)
Start importing Assets/GoogleMaps/Examples/SharedAssets/Scripts/PanelAnimationController.cs using Guid(d1e4889a28cdd4f548872debee6da86a) Importer(815301076,1909f56bfc062723c751e8b465ee728b)  -> (artifact id: '32697c9e409184fbbe0bc388b4a7e83d') in 0.005582 seconds
  Import took 0.008023 seconds .

========================================================================
Received Import Request.
  Time since last request: 0.000157 seconds.
  path: Assets/GoogleMaps/Examples/SharedAssets/Scripts/ZoomPinch.cs
  artifactKey: Guid(822c2b4155c7a4c47bb05593fefdf428) Importer(815301076,1909f56bfc062723c751e8b465ee728b)
Start importing Assets/GoogleMaps/Examples/SharedAssets/Scripts/ZoomPinch.cs using Guid(822c2b4155c7a4c47bb05593fefdf428) Importer(815301076,1909f56bfc062723c751e8b465ee728b)  -> (artifact id: '7c526031b3b2b342922c62424607f176') in 0.008063 seconds
  Import took 0.010547 seconds .

========================================================================
Received Import Request.
  Time since last request: 0.000115 seconds.
  path: Assets/GoogleMaps/Examples/SharedAssets/Scripts/ExampleErrors.cs
  artifactKey: Guid(a4736cd69c6b34fafbb877921c31e803) Importer(815301076,1909f56bfc062723c751e8b465ee728b)
Start importing Assets/GoogleMaps/Examples/SharedAssets/Scripts/ExampleErrors.cs using Guid(a4736cd69c6b34fafbb877921c31e803) Importer(815301076,1909f56bfc062723c751e8b465ee728b)  -> (artifact id: '68c371ad4914e6851b8bd318924cf231') in 0.005475 seconds
  Import took 0.007380 seconds .

========================================================================
Received Import Request.
  Time since last request: 0.000172 seconds.
  path: Assets/GoogleMaps/Examples/SharedAssets/Scripts/BuildingTexturer.cs
  artifactKey: Guid(25bbe0c695e32453db299f673164cba9) Importer(815301076,1909f56bfc062723c751e8b465ee728b)
Start importing Assets/GoogleMaps/Examples/SharedAssets/Scripts/BuildingTexturer.cs using Guid(25bbe0c695e32453db299f673164cba9) Importer(815301076,1909f56bfc062723c751e8b465ee728b)  -> (artifact id: 'd13d32d9f3eeec353d55449d62e14175') in 0.006341 seconds
  Import took 0.008774 seconds .

========================================================================
Received Import Request.
  Time since last request: 0.000160 seconds.
  path: Assets/GoogleMaps/Examples/SharedAssets/Scripts/JoystickButton.cs
  artifactKey: Guid(091ae342f3f69401a8c234a64871b69b) Importer(815301076,1909f56bfc062723c751e8b465ee728b)
Start importing Assets/GoogleMaps/Examples/SharedAssets/Scripts/JoystickButton.cs using Guid(091ae342f3f69401a8c234a64871b69b) Importer(815301076,1909f56bfc062723c751e8b465ee728b)  -> (artifact id: 'e483230080f43ec678ce514c9ea9d897') in 0.006527 seconds
  Import took 0.009267 seconds .

========================================================================
Received Import Request.
  Time since last request: 0.000140 seconds.
  path: Assets/GoogleMaps/Examples/SharedAssets/Scripts/InstructionsHandler.cs
  artifactKey: Guid(5f94978d7e8b04890acfd5cc1787af34) Importer(815301076,1909f56bfc062723c751e8b465ee728b)
Start importing Assets/GoogleMaps/Examples/SharedAssets/Scripts/InstructionsHandler.cs using Guid(5f94978d7e8b04890acfd5cc1787af34) Importer(815301076,1909f56bfc062723c751e8b465ee728b)  -> (artifact id: '7cd98c0a56c539eaef35b8920f51b2cd') in 0.005332 seconds
  Import took 0.007334 seconds .

========================================================================
Received Import Request.
  Time since last request: 0.000120 seconds.
  path: Assets/GoogleMaps/Examples/SharedAssets/Scripts/GyroController.cs
  artifactKey: Guid(d6a123e67afff44b1bdaea6f287e5e38) Importer(815301076,1909f56bfc062723c751e8b465ee728b)
Start importing Assets/GoogleMaps/Examples/SharedAssets/Scripts/GyroController.cs using Guid(d6a123e67afff44b1bdaea6f287e5e38) Importer(815301076,1909f56bfc062723c751e8b465ee728b)  -> (artifact id: 'c45dad34c6d6a1b7a5119c1ce51dbbeb') in 0.006956 seconds
  Import took 0.009157 seconds .

========================================================================
Received Import Request.
  Time since last request: 0.000239 seconds.
  path: Assets/GoogleMaps/Examples/SharedAssets/Scripts/Label.cs
  artifactKey: Guid(85b1930da76dc4a228d468e35dadda3f) Importer(815301076,1909f56bfc062723c751e8b465ee728b)
Start importing Assets/GoogleMaps/Examples/SharedAssets/Scripts/Label.cs using Guid(85b1930da76dc4a228d468e35dadda3f) Importer(815301076,1909f56bfc062723c751e8b465ee728b)  -> (artifact id: 'c3f9abb7fbb67641362ee18431bd7e9b') in 0.005336 seconds
  Import took 0.007449 seconds .

========================================================================
Received Import Request.
  Time since last request: 0.000185 seconds.
  path: Assets/GoogleMaps/Examples/SharedAssets/Scripts/DynamicMapsService.cs
  artifactKey: Guid(bb79bec31eea14738bfe923d2f78241d) Importer(815301076,1909f56bfc062723c751e8b465ee728b)
Start importing Assets/GoogleMaps/Examples/SharedAssets/Scripts/DynamicMapsService.cs using Guid(bb79bec31eea14738bfe923d2f78241d) Importer(815301076,1909f56bfc062723c751e8b465ee728b)  -> (artifact id: '0558de19d39c7a3159f6fe2d4b283b5c') in 0.006696 seconds
  Import took 0.008880 seconds .

========================================================================
Received Import Request.
  Time since last request: 0.000138 seconds.
  path: Assets/GoogleMaps/Examples/SharedAssets/Scripts/ErrorHandling.cs
  artifactKey: Guid(a86ca92cd091640fc9a838d3a9496201) Importer(815301076,1909f56bfc062723c751e8b465ee728b)
Start importing Assets/GoogleMaps/Examples/SharedAssets/Scripts/ErrorHandling.cs using Guid(a86ca92cd091640fc9a838d3a9496201) Importer(815301076,1909f56bfc062723c751e8b465ee728b)  -> (artifact id: 'f94711b88de89f7ff5a28a2c4ad3dbd3') in 0.006126 seconds
  Import took 0.008195 seconds .

========================================================================
Received Import Request.
  Time since last request: 0.000135 seconds.
  path: Assets/GoogleMaps/Examples/SharedAssets/Scripts/MeshCleaner.cs
  artifactKey: Guid(5761d36feb59b4d7f970232efff60444) Importer(815301076,1909f56bfc062723c751e8b465ee728b)
Start importing Assets/GoogleMaps/Examples/SharedAssets/Scripts/MeshCleaner.cs using Guid(5761d36feb59b4d7f970232efff60444) Importer(815301076,1909f56bfc062723c751e8b465ee728b)  -> (artifact id: 'dd8cf5266791556704a88082277045ec') in 0.005230 seconds
  Import took 0.007387 seconds .

========================================================================
Received Import Request.
  Time since last request: 0.000143 seconds.
  path: Assets/GoogleMaps/Examples/SharedAssets/Scripts/Extruder.cs
  artifactKey: Guid(552ec853720c449829f4fdadf593c45d) Importer(815301076,1909f56bfc062723c751e8b465ee728b)
Start importing Assets/GoogleMaps/Examples/SharedAssets/Scripts/Extruder.cs using Guid(552ec853720c449829f4fdadf593c45d) Importer(815301076,1909f56bfc062723c751e8b465ee728b)  -> (artifact id: '47c32137542e418c8e47b5b7e9e23448') in 0.004958 seconds
  Import took 0.006838 seconds .

========================================================================
Received Import Request.
  Time since last request: 0.000182 seconds.
  path: Assets/GoogleMaps/Examples/SharedAssets/Scripts/InstructionsButton.cs
  artifactKey: Guid(f644be717ed6a4c019665f831aaf7559) Importer(815301076,1909f56bfc062723c751e8b465ee728b)
Start importing Assets/GoogleMaps/Examples/SharedAssets/Scripts/InstructionsButton.cs using Guid(f644be717ed6a4c019665f831aaf7559) Importer(815301076,1909f56bfc062723c751e8b465ee728b)  -> (artifact id: 'dbeca7e766c2d0bdf982a1c253c60d7b') in 0.006284 seconds
  Import took 0.008476 seconds .

========================================================================
Received Import Request.
  Time since last request: 0.000181 seconds.
  path: Assets/GoogleMaps/Examples/SharedAssets/Scripts/FloatingOriginUpdater.cs
  artifactKey: Guid(83e18a8bf34114cc39c0142d5f57942d) Importer(815301076,1909f56bfc062723c751e8b465ee728b)
Start importing Assets/GoogleMaps/Examples/SharedAssets/Scripts/FloatingOriginUpdater.cs using Guid(83e18a8bf34114cc39c0142d5f57942d) Importer(815301076,1909f56bfc062723c751e8b465ee728b)  -> (artifact id: '31a792bbbf8a6d738b44dd3b09241313') in 0.005230 seconds
  Import took 0.007477 seconds .

========================================================================
Received Import Request.
  Time since last request: 0.000140 seconds.
  path: Assets/GoogleMaps/Examples/SharedAssets/Scripts/ExampleDefaults.cs
  artifactKey: Guid(ce1c9c8e4900849b591c869b89572fc5) Importer(815301076,1909f56bfc062723c751e8b465ee728b)
Start importing Assets/GoogleMaps/Examples/SharedAssets/Scripts/ExampleDefaults.cs using Guid(ce1c9c8e4900849b591c869b89572fc5) Importer(815301076,1909f56bfc062723c751e8b465ee728b)  -> (artifact id: '1877b8bf6b89101fb378a913e240d41d') in 0.005742 seconds
  Import took 0.007722 seconds .

========================================================================
Received Prepare
Refreshing native plugins compatible for Editor in 2.62 ms, found 0 plugins.
Preloading 0 native plugins for Editor in 0.00 ms.
Unloading 12 Unused Serialized files (Serialized files now loaded: 0)
System memory in use before: 44.5 MB.
System memory in use after: 44.6 MB.

Unloading 9 unused Assets to reduce memory usage. Loaded Objects now: 1704.
Total: 3.022800 ms (FindLiveObjects: 0.547200 ms CreateObjectMapping: 0.150200 ms MarkObjects: 2.283600 ms  DeleteObjects: 0.040500 ms)

========================================================================
Received Import Request.
  Time since last request: 229.199479 seconds.
  path: Assets/GoogleMaps/Examples/04_Advanced/RoadLattice/Materials
  artifactKey: Guid(1133d3dbf8c354f48882009802ae4362) Importer(815301076,1909f56bfc062723c751e8b465ee728b)
Start importing Assets/GoogleMaps/Examples/04_Advanced/RoadLattice/Materials using Guid(1133d3dbf8c354f48882009802ae4362) Importer(815301076,1909f56bfc062723c751e8b465ee728b)  -> (artifact id: '5498c351e81c0411a97663883cfca760') in 0.006198 seconds
  Import took 0.009120 seconds .

========================================================================
Received Import Request.
  Time since last request: 0.000261 seconds.
  path: Assets/GoogleMaps/Examples/04_Advanced/RoadLattice/PathFinding101.unity
  artifactKey: Guid(20b9733d91e13435fb62b8bd18262a4a) Importer(815301076,1909f56bfc062723c751e8b465ee728b)
Start importing Assets/GoogleMaps/Examples/04_Advanced/RoadLattice/PathFinding101.unity using Guid(20b9733d91e13435fb62b8bd18262a4a) Importer(815301076,1909f56bfc062723c751e8b465ee728b)  -> (artifact id: 'bc51e0f7ec8cca9ab89d634ba4f33a46') in 0.013749 seconds
  Import took 0.015933 seconds .

========================================================================
Received Import Request.
  Time since last request: 0.000174 seconds.
  path: Assets/GoogleMaps/Examples/04_Advanced/RoadLattice/Prefabs
  artifactKey: Guid(5335ca04e4fb6c6419c9f3159bc78a2a) Importer(815301076,1909f56bfc062723c751e8b465ee728b)
Start importing Assets/GoogleMaps/Examples/04_Advanced/RoadLattice/Prefabs using Guid(5335ca04e4fb6c6419c9f3159bc78a2a) Importer(815301076,1909f56bfc062723c751e8b465ee728b)  -> (artifact id: '789f24f66c6c3e65c583dd3f3a183eb5') in 0.006298 seconds
  Import took 0.009260 seconds .

========================================================================
Received Import Request.
  Time since last request: 0.000130 seconds.
  path: Assets/GoogleMaps/Examples/04_Advanced/RoadLattice/Models
  artifactKey: Guid(d7a1628883304974d8fdffa5a5512893) Importer(815301076,1909f56bfc062723c751e8b465ee728b)
Start importing Assets/GoogleMaps/Examples/04_Advanced/RoadLattice/Models using Guid(d7a1628883304974d8fdffa5a5512893) Importer(815301076,1909f56bfc062723c751e8b465ee728b)  -> (artifact id: '48ddd41eae9ca02d0822cb48c8158ecf') in 0.005038 seconds
  Import took 0.007122 seconds .

========================================================================
Received Import Request.
  Time since last request: 0.000230 seconds.
  path: Assets/GoogleMaps/Examples/04_Advanced/RoadLattice/AttributedRoadLattice.unity
  artifactKey: Guid(dadfc40757e604581aa0e5e4c0ca50ef) Importer(815301076,1909f56bfc062723c751e8b465ee728b)
Start importing Assets/GoogleMaps/Examples/04_Advanced/RoadLattice/AttributedRoadLattice.unity using Guid(dadfc40757e604581aa0e5e4c0ca50ef) Importer(815301076,1909f56bfc062723c751e8b465ee728b)  -> (artifact id: '0b908502d7b2f1235a34d3f24c16dad6') in 0.007067 seconds
  Import took 0.009532 seconds .

========================================================================
Received Import Request.
  Time since last request: 0.000161 seconds.
  path: Assets/GoogleMaps/Examples/04_Advanced/RoadLattice/Textures
  artifactKey: Guid(1ebb285ec03e32048985de9db3e5422e) Importer(815301076,1909f56bfc062723c751e8b465ee728b)
Start importing Assets/GoogleMaps/Examples/04_Advanced/RoadLattice/Textures using Guid(1ebb285ec03e32048985de9db3e5422e) Importer(815301076,1909f56bfc062723c751e8b465ee728b)  -> (artifact id: '28d324bd60f0ce4710394facc0270a8b') in 0.006040 seconds
  Import took 0.007973 seconds .

========================================================================
Received Import Request.
  Time since last request: 0.000162 seconds.
  path: Assets/GoogleMaps/Examples/04_Advanced/RoadLattice/Scripts
  artifactKey: Guid(64e5995308e7ba541bd615b095e9ee10) Importer(815301076,1909f56bfc062723c751e8b465ee728b)
Start importing Assets/GoogleMaps/Examples/04_Advanced/RoadLattice/Scripts using Guid(64e5995308e7ba541bd615b095e9ee10) Importer(815301076,1909f56bfc062723c751e8b465ee728b)  -> (artifact id: '46e46d4407e9c271cf5be3f660f51bf1') in 0.007075 seconds
  Import took 0.009352 seconds .

========================================================================
Received Prepare
Reloading mono domain
Begin MonoManager ReloadAssembly
Registering precompiled unity dll's ...
Register platform support module: C:/Program Files/Unity/Hub/Editor/2020.2.0b10/Editor/Data/PlaybackEngines/WebGLSupport/UnityEditor.WebGL.Extensions.dll
Register platform support module: C:/Program Files/Unity/Hub/Editor/2020.2.0b10/Editor/Data/PlaybackEngines/WindowsStandaloneSupport/UnityEditor.WindowsStandalone.Extensions.dll
Registered in 0.001599 seconds.
Symbol file LoadedFromMemory doesn't match image C:\Users\monog\Documents\Projects\Unity-Google-Maps\Unity Google Maps\Library\PackageCache\com.unity.ext.nunit@1.0.0\net35\unity-custom\nunit.framework.dll
Native extension for WindowsStandalone target not found
Native extension for WebGL target not found
Refreshing native plugins compatible for Editor in 25.45 ms, found 0 plugins.
Preloading 0 native plugins for Editor in 0.00 ms.
Invoked RoslynAnalysisRunner static constructor.
RoslynAnalysisRunner will not be running.
RoslynAnalysisRunner has terminated.
Mono: successfully reloaded assembly
- Completed reload, in  1.062 seconds
Platform modules already initialized, skipping
Registering precompiled user dll's ...
Registered in 0.001673 seconds.
Begin MonoManager ReloadAssembly
Symbol file LoadedFromMemory doesn't match image C:\Users\monog\Documents\Projects\Unity-Google-Maps\Unity Google Maps\Library\PackageCache\com.unity.ext.nunit@1.0.0\net35\unity-custom\nunit.framework.dll
Native extension for WindowsStandalone target not found
Native extension for WebGL target not found
Refreshing native plugins compatible for Editor in 0.26 ms, found 0 plugins.
Preloading 0 native plugins for Editor in 0.00 ms.
Invoked RoslynAnalysisRunner static constructor.
RoslynAnalysisRunner will not be running.
RoslynAnalysisRunner has terminated.
Mono: successfully reloaded assembly
- Completed reload, in  1.030 seconds
Platform modules already initialized, skipping
Refreshing native plugins compatible for Editor in 0.28 ms, found 0 plugins.
Preloading 0 native plugins for Editor in 0.00 ms.
Unloading 15 Unused Serialized files (Serialized files now loaded: 0)
System memory in use before: 45.7 MB.
System memory in use after: 45.8 MB.

Unloading 11 unused Assets to reduce memory usage. Loaded Objects now: 1708.
Total: 1.643900 ms (FindLiveObjects: 0.336400 ms CreateObjectMapping: 0.055100 ms MarkObjects: 1.203700 ms  DeleteObjects: 0.047400 ms)

========================================================================
Received Prepare
Reloading mono domain
Begin MonoManager ReloadAssembly
Registering precompiled unity dll's ...
Register platform support module: C:/Program Files/Unity/Hub/Editor/2020.2.0b10/Editor/Data/PlaybackEngines/WebGLSupport/UnityEditor.WebGL.Extensions.dll
Register platform support module: C:/Program Files/Unity/Hub/Editor/2020.2.0b10/Editor/Data/PlaybackEngines/WindowsStandaloneSupport/UnityEditor.WindowsStandalone.Extensions.dll
Registered in 0.003264 seconds.
Symbol file LoadedFromMemory doesn't match image C:\Users\monog\Documents\Projects\Unity-Google-Maps\Unity Google Maps\Library\PackageCache\com.unity.ext.nunit@1.0.0\net35\unity-custom\nunit.framework.dll
Native extension for WindowsStandalone target not found
Native extension for WebGL target not found
Refreshing native plugins compatible for Editor in 31.24 ms, found 0 plugins.
Preloading 0 native plugins for Editor in 0.00 ms.
Invoked RoslynAnalysisRunner static constructor.
RoslynAnalysisRunner will not be running.
RoslynAnalysisRunner has terminated.
Mono: successfully reloaded assembly
- Completed reload, in  1.080 seconds
Platform modules already initialized, skipping
Registering precompiled user dll's ...
Registered in 0.001591 seconds.
Begin MonoManager ReloadAssembly
Symbol file LoadedFromMemory doesn't match image C:\Users\monog\Documents\Projects\Unity-Google-Maps\Unity Google Maps\Library\PackageCache\com.unity.ext.nunit@1.0.0\net35\unity-custom\nunit.framework.dll
Native extension for WindowsStandalone target not found
Native extension for WebGL target not found
Refreshing native plugins compatible for Editor in 0.24 ms, found 0 plugins.
Preloading 0 native plugins for Editor in 0.00 ms.
Invoked RoslynAnalysisRunner static constructor.
RoslynAnalysisRunner will not be running.
RoslynAnalysisRunner has terminated.
Mono: successfully reloaded assembly
- Completed reload, in  0.931 seconds
Platform modules already initialized, skipping
Refreshing native plugins compatible for Editor in 0.26 ms, found 0 plugins.
Preloading 0 native plugins for Editor in 0.00 ms.
Unloading 16 Unused Serialized files (Serialized files now loaded: 0)
System memory in use before: 45.2 MB.
System memory in use after: 45.3 MB.

Unloading 11 unused Assets to reduce memory usage. Loaded Objects now: 1712.
Total: 3.197800 ms (FindLiveObjects: 0.417700 ms CreateObjectMapping: 0.063500 ms MarkObjects: 2.604100 ms  DeleteObjects: 0.109400 ms)

========================================================================
Received Prepare
Refreshing native plugins compatible for Editor in 1.60 ms, found 0 plugins.
Preloading 0 native plugins for Editor in 0.00 ms.
Unloading 12 Unused Serialized files (Serialized files now loaded: 0)
System memory in use before: 44.4 MB.
System memory in use after: 44.5 MB.

Unloading 9 unused Assets to reduce memory usage. Loaded Objects now: 1712.
Total: 1.764700 ms (FindLiveObjects: 0.283800 ms CreateObjectMapping: 0.092600 ms MarkObjects: 1.320300 ms  DeleteObjects: 0.052900 ms)

========================================================================
Received Prepare
Reloading mono domain
Begin MonoManager ReloadAssembly
Registering precompiled unity dll's ...
Register platform support module: C:/Program Files/Unity/Hub/Editor/2020.2.0b10/Editor/Data/PlaybackEngines/WebGLSupport/UnityEditor.WebGL.Extensions.dll
Register platform support module: C:/Program Files/Unity/Hub/Editor/2020.2.0b10/Editor/Data/PlaybackEngines/WindowsStandaloneSupport/UnityEditor.WindowsStandalone.Extensions.dll
Registered in 0.002159 seconds.
Symbol file LoadedFromMemory doesn't match image C:\Users\monog\Documents\Projects\Unity-Google-Maps\Unity Google Maps\Library\PackageCache\com.unity.ext.nunit@1.0.0\net35\unity-custom\nunit.framework.dll
Native extension for WindowsStandalone target not found
Native extension for WebGL target not found
Refreshing native plugins compatible for Editor in 27.80 ms, found 0 plugins.
Preloading 0 native plugins for Editor in 0.00 ms.
Invoked RoslynAnalysisRunner static constructor.
RoslynAnalysisRunner will not be running.
RoslynAnalysisRunner has terminated.
Mono: successfully reloaded assembly
- Completed reload, in  1.126 seconds
Platform modules already initialized, skipping
Registering precompiled user dll's ...
Registered in 0.001894 seconds.
Begin MonoManager ReloadAssembly
Symbol file LoadedFromMemory doesn't match image C:\Users\monog\Documents\Projects\Unity-Google-Maps\Unity Google Maps\Library\PackageCache\com.unity.ext.nunit@1.0.0\net35\unity-custom\nunit.framework.dll
Native extension for WindowsStandalone target not found
Native extension for WebGL target not found
Refreshing native plugins compatible for Editor in 0.33 ms, found 0 plugins.
Preloading 0 native plugins for Editor in 0.00 ms.
Invoked RoslynAnalysisRunner static constructor.
RoslynAnalysisRunner will not be running.
RoslynAnalysisRunner has terminated.
Mono: successfully reloaded assembly
- Completed reload, in  1.039 seconds
Platform modules already initialized, skipping
Refreshing native plugins compatible for Editor in 0.33 ms, found 0 plugins.
Preloading 0 native plugins for Editor in 0.00 ms.
Unloading 15 Unused Serialized files (Serialized files now loaded: 0)
System memory in use before: 45.7 MB.
System memory in use after: 45.8 MB.

Unloading 11 unused Assets to reduce memory usage. Loaded Objects now: 1716.
Total: 1.907500 ms (FindLiveObjects: 0.327100 ms CreateObjectMapping: 0.050000 ms MarkObjects: 1.475700 ms  DeleteObjects: 0.053100 ms)

========================================================================
Received Import Request.
  Time since last request: 1366.124931 seconds.
  path: Assets/GoogleMaps/Examples/02_Fundamentals/MapsService101.unity
  artifactKey: Guid(0d0aa05c29b584f2290e6ad8de54df72) Importer(815301076,1909f56bfc062723c751e8b465ee728b)
Start importing Assets/GoogleMaps/Examples/02_Fundamentals/MapsService101.unity using Guid(0d0aa05c29b584f2290e6ad8de54df72) Importer(815301076,1909f56bfc062723c751e8b465ee728b)  -> (artifact id: '480b31230c4aa928c8d4d5421e53ccc7') in 0.011719 seconds
  Import took 0.014932 seconds .

========================================================================
Received Prepare
Reloading mono domain
Begin MonoManager ReloadAssembly
Registering precompiled unity dll's ...
Register platform support module: C:/Program Files/Unity/Hub/Editor/2020.2.0b10/Editor/Data/PlaybackEngines/WebGLSupport/UnityEditor.WebGL.Extensions.dll
Register platform support module: C:/Program Files/Unity/Hub/Editor/2020.2.0b10/Editor/Data/PlaybackEngines/WindowsStandaloneSupport/UnityEditor.WindowsStandalone.Extensions.dll
Registered in 0.001678 seconds.
Symbol file LoadedFromMemory doesn't match image C:\Users\monog\Documents\Projects\Unity-Google-Maps\Unity Google Maps\Library\PackageCache\com.unity.ext.nunit@1.0.0\net35\unity-custom\nunit.framework.dll
Native extension for WindowsStandalone target not found
Native extension for WebGL target not found
Refreshing native plugins compatible for Editor in 31.70 ms, found 0 plugins.
Preloading 0 native plugins for Editor in 0.00 ms.
Invoked RoslynAnalysisRunner static constructor.
RoslynAnalysisRunner will not be running.
RoslynAnalysisRunner has terminated.
Mono: successfully reloaded assembly
- Completed reload, in  1.284 seconds
Platform modules already initialized, skipping
Registering precompiled user dll's ...
Registered in 0.002326 seconds.
Begin MonoManager ReloadAssembly
Symbol file LoadedFromMemory doesn't match image C:\Users\monog\Documents\Projects\Unity-Google-Maps\Unity Google Maps\Library\PackageCache\com.unity.ext.nunit@1.0.0\net35\unity-custom\nunit.framework.dll
Native extension for WindowsStandalone target not found
Native extension for WebGL target not found
Refreshing native plugins compatible for Editor in 0.26 ms, found 0 plugins.
Preloading 0 native plugins for Editor in 0.00 ms.
Invoked RoslynAnalysisRunner static constructor.
RoslynAnalysisRunner will not be running.
RoslynAnalysisRunner has terminated.
Mono: successfully reloaded assembly
- Completed reload, in  1.090 seconds
Platform modules already initialized, skipping
Refreshing native plugins compatible for Editor in 0.28 ms, found 0 plugins.
Preloading 0 native plugins for Editor in 0.00 ms.
Unloading 16 Unused Serialized files (Serialized files now loaded: 0)
System memory in use before: 45.8 MB.
System memory in use after: 45.8 MB.

Unloading 11 unused Assets to reduce memory usage. Loaded Objects now: 1720.
Total: 2.047100 ms (FindLiveObjects: 0.459200 ms CreateObjectMapping: 0.083300 ms MarkObjects: 1.437000 ms  DeleteObjects: 0.066400 ms)

========================================================================
Received Prepare
Reloading mono domain
Begin MonoManager ReloadAssembly
Registering precompiled unity dll's ...
Register platform support module: C:/Program Files/Unity/Hub/Editor/2020.2.0b10/Editor/Data/PlaybackEngines/WebGLSupport/UnityEditor.WebGL.Extensions.dll
Register platform support module: C:/Program Files/Unity/Hub/Editor/2020.2.0b10/Editor/Data/PlaybackEngines/WindowsStandaloneSupport/UnityEditor.WindowsStandalone.Extensions.dll
Registered in 0.002341 seconds.
Symbol file LoadedFromMemory doesn't match image C:\Users\monog\Documents\Projects\Unity-Google-Maps\Unity Google Maps\Library\PackageCache\com.unity.ext.nunit@1.0.0\net35\unity-custom\nunit.framework.dll
Native extension for WindowsStandalone target not found
Native extension for WebGL target not found
Refreshing native plugins compatible for Editor in 26.51 ms, found 0 plugins.
Preloading 0 native plugins for Editor in 0.00 ms.
Invoked RoslynAnalysisRunner static constructor.
RoslynAnalysisRunner will not be running.
RoslynAnalysisRunner has terminated.
Mono: successfully reloaded assembly
- Completed reload, in  1.165 seconds
Platform modules already initialized, skipping
Registering precompiled user dll's ...
Registered in 0.001688 seconds.
Begin MonoManager ReloadAssembly
Symbol file LoadedFromMemory doesn't match image C:\Users\monog\Documents\Projects\Unity-Google-Maps\Unity Google Maps\Library\PackageCache\com.unity.ext.nunit@1.0.0\net35\unity-custom\nunit.framework.dll
Native extension for WindowsStandalone target not found
Native extension for WebGL target not found
Refreshing native plugins compatible for Editor in 0.39 ms, found 0 plugins.
Preloading 0 native plugins for Editor in 0.00 ms.
Invoked RoslynAnalysisRunner static constructor.
RoslynAnalysisRunner will not be running.
RoslynAnalysisRunner has terminated.
Mono: successfully reloaded assembly
- Completed reload, in  1.067 seconds
Platform modules already initialized, skipping
Refreshing native plugins compatible for Editor in 0.39 ms, found 0 plugins.
Preloading 0 native plugins for Editor in 0.00 ms.
Unloading 16 Unused Serialized files (Serialized files now loaded: 0)
System memory in use before: 45.5 MB.
System memory in use after: 45.5 MB.

Unloading 11 unused Assets to reduce memory usage. Loaded Objects now: 1724.
Total: 2.287200 ms (FindLiveObjects: 0.605800 ms CreateObjectMapping: 0.173600 ms MarkObjects: 1.444100 ms  DeleteObjects: 0.062900 ms)

========================================================================
Received Import Request.
  Time since last request: 122.662513 seconds.
  path: Assets/GoogleMaps/Examples/02_Fundamentals/MapsService101.unity
  artifactKey: Guid(0d0aa05c29b584f2290e6ad8de54df72) Importer(815301076,1909f56bfc062723c751e8b465ee728b)
Start importing Assets/GoogleMaps/Examples/02_Fundamentals/MapsService101.unity using Guid(0d0aa05c29b584f2290e6ad8de54df72) Importer(815301076,1909f56bfc062723c751e8b465ee728b)  -> (artifact id: 'a18798a1a55bcf20c9a9505471926689') in 0.009046 seconds
  Import took 0.012067 seconds .

========================================================================
Received Prepare
Reloading mono domain
Begin MonoManager ReloadAssembly
Registering precompiled unity dll's ...
Register platform support module: C:/Program Files/Unity/Hub/Editor/2020.2.0b10/Editor/Data/PlaybackEngines/WebGLSupport/UnityEditor.WebGL.Extensions.dll
Register platform support module: C:/Program Files/Unity/Hub/Editor/2020.2.0b10/Editor/Data/PlaybackEngines/WindowsStandaloneSupport/UnityEditor.WindowsStandalone.Extensions.dll
Registered in 0.002025 seconds.
Symbol file LoadedFromMemory doesn't match image C:\Users\monog\Documents\Projects\Unity-Google-Maps\Unity Google Maps\Library\PackageCache\com.unity.ext.nunit@1.0.0\net35\unity-custom\nunit.framework.dll
Native extension for WindowsStandalone target not found
Native extension for WebGL target not found
Refreshing native plugins compatible for Editor in 36.27 ms, found 0 plugins.
Preloading 0 native plugins for Editor in 0.00 ms.
Invoked RoslynAnalysisRunner static constructor.
RoslynAnalysisRunner will not be running.
RoslynAnalysisRunner has terminated.
Mono: successfully reloaded assembly
- Completed reload, in  1.478 seconds
Platform modules already initialized, skipping
Registering precompiled user dll's ...
Registered in 0.002141 seconds.
Begin MonoManager ReloadAssembly
Symbol file LoadedFromMemory doesn't match image C:\Users\monog\Documents\Projects\Unity-Google-Maps\Unity Google Maps\Library\PackageCache\com.unity.ext.nunit@1.0.0\net35\unity-custom\nunit.framework.dll
Native extension for WindowsStandalone target not found
Native extension for WebGL target not found
Refreshing native plugins compatible for Editor in 0.40 ms, found 0 plugins.
Preloading 0 native plugins for Editor in 0.00 ms.
Invoked RoslynAnalysisRunner static constructor.
RoslynAnalysisRunner will not be running.
RoslynAnalysisRunner has terminated.
Mono: successfully reloaded assembly
- Completed reload, in  1.313 seconds
Platform modules already initialized, skipping
Refreshing native plugins compatible for Editor in 0.42 ms, found 0 plugins.
Preloading 0 native plugins for Editor in 0.00 ms.
Unloading 16 Unused Serialized files (Serialized files now loaded: 0)
System memory in use before: 45.8 MB.
System memory in use after: 45.9 MB.

Unloading 11 unused Assets to reduce memory usage. Loaded Objects now: 1728.
Total: 2.172000 ms (FindLiveObjects: 0.367400 ms CreateObjectMapping: 0.062400 ms MarkObjects: 1.671600 ms  DeleteObjects: 0.069400 ms)

========================================================================
Received Prepare
Refreshing native plugins compatible for Editor in 2.16 ms, found 0 plugins.
Preloading 0 native plugins for Editor in 0.00 ms.
Unloading 12 Unused Serialized files (Serialized files now loaded: 0)
System memory in use before: 44.1 MB.
System memory in use after: 44.2 MB.

Unloading 9 unused Assets to reduce memory usage. Loaded Objects now: 1728.
Total: 3.686900 ms (FindLiveObjects: 0.660300 ms CreateObjectMapping: 0.131600 ms MarkObjects: 2.835300 ms  DeleteObjects: 0.057400 ms)

========================================================================
Received Prepare
Refreshing native plugins compatible for Editor in 3.36 ms, found 0 plugins.
Preloading 0 native plugins for Editor in 0.00 ms.
Unloading 9 Unused Serialized files (Serialized files now loaded: 0)
System memory in use before: 44.1 MB.
System memory in use after: 44.2 MB.

Unloading 9 unused Assets to reduce memory usage. Loaded Objects now: 1728.
Total: 2.247800 ms (FindLiveObjects: 0.425700 ms CreateObjectMapping: 0.071800 ms MarkObjects: 1.687100 ms  DeleteObjects: 0.062600 ms)

AssetImportWorkerClient::OnTransportError - code=2 error=End of file
